mode: atomic
github.com/celestiaorg/go-header/errors.go:10.39,12.2 1 0
github.com/celestiaorg/go-header/test/testing.go:34.43,36.2 1 543
github.com/celestiaorg/go-header/test/testing.go:38.37,40.2 1 567
github.com/celestiaorg/go-header/test/testing.go:42.40,44.2 1 5
github.com/celestiaorg/go-header/test/testing.go:46.42,47.22 1 653
github.com/celestiaorg/go-header/test/testing.go:52.2,52.15 1 653
github.com/celestiaorg/go-header/test/testing.go:47.22,48.36 1 21
github.com/celestiaorg/go-header/test/testing.go:48.36,49.14 1 0
github.com/celestiaorg/go-header/test/testing.go:55.38,57.16 2 1761
github.com/celestiaorg/go-header/test/testing.go:60.2,62.12 3 1761
github.com/celestiaorg/go-header/test/testing.go:57.16,59.3 1 0
github.com/celestiaorg/go-header/test/testing.go:65.38,67.2 1 8983
github.com/celestiaorg/go-header/test/testing.go:69.48,71.2 1 0
github.com/celestiaorg/go-header/test/testing.go:73.40,75.2 1 37
github.com/celestiaorg/go-header/test/testing.go:77.62,79.2 1 0
github.com/celestiaorg/go-header/test/testing.go:81.60,84.2 2 0
github.com/celestiaorg/go-header/test/testing.go:86.58,88.50 2 13
github.com/celestiaorg/go-header/test/testing.go:92.2,92.35 1 13
github.com/celestiaorg/go-header/test/testing.go:96.2,96.36 1 12
github.com/celestiaorg/go-header/test/testing.go:100.2,100.12 1 12
github.com/celestiaorg/go-header/test/testing.go:88.50,90.3 1 0
github.com/celestiaorg/go-header/test/testing.go:92.35,94.3 1 1
github.com/celestiaorg/go-header/test/testing.go:96.36,98.3 1 0
github.com/celestiaorg/go-header/test/testing.go:103.40,105.2 1 0
github.com/celestiaorg/go-header/test/testing.go:107.55,112.2 4 2305
github.com/celestiaorg/go-header/test/testing.go:114.58,117.16 3 544
github.com/celestiaorg/go-header/test/testing.go:120.2,121.16 2 544
github.com/celestiaorg/go-header/test/testing.go:125.2,125.12 1 544
github.com/celestiaorg/go-header/test/testing.go:117.16,119.3 1 0
github.com/celestiaorg/go-header/test/testing.go:121.16,123.3 1 0
github.com/celestiaorg/go-header/test/testing.go:129.30,133.26 3 598
github.com/celestiaorg/go-header/test/testing.go:137.2,137.12 1 598
github.com/celestiaorg/go-header/test/testing.go:133.26,135.3 1 0
github.com/celestiaorg/go-header/test/testing.go:140.24,144.16 3 598
github.com/celestiaorg/go-header/test/testing.go:148.2,148.63 1 598
github.com/celestiaorg/go-header/test/testing.go:144.16,146.3 1 0
github.com/celestiaorg/go-header/test/testing.go:151.49,154.16 3 0
github.com/celestiaorg/go-header/test/testing.go:157.2,157.11 1 0
github.com/celestiaorg/go-header/test/testing.go:154.16,156.3 1 0
github.com/celestiaorg/go-header/test/testing.go:160.46,171.2 3 598
github.com/celestiaorg/go-header/test/testing.go:173.41,175.16 2 598
github.com/celestiaorg/go-header/test/testing.go:178.2,178.11 1 598
github.com/celestiaorg/go-header/test/testing.go:175.16,176.13 1 0
github.com/celestiaorg/go-header/test/testing.go:194.40,198.2 1 22
github.com/celestiaorg/go-header/test/testing.go:200.40,209.2 1 21
github.com/celestiaorg/go-header/test/testing.go:211.37,212.19 1 2
github.com/celestiaorg/go-header/test/testing.go:215.2,215.15 1 2
github.com/celestiaorg/go-header/test/testing.go:212.19,214.3 1 2
github.com/celestiaorg/go-header/test/testing.go:218.57,220.25 2 3
github.com/celestiaorg/go-header/test/testing.go:223.2,223.16 1 3
github.com/celestiaorg/go-header/test/testing.go:220.25,222.3 1 11
github.com/celestiaorg/go-header/test/testing.go:226.48,227.19 1 617
github.com/celestiaorg/go-header/test/testing.go:232.2,237.15 6 598
github.com/celestiaorg/go-header/test/testing.go:227.19,230.3 2 19
github.com/celestiaorg/go-header/test/testing.go:244.109,246.2 1 0
github.com/celestiaorg/go-header/test/testing.go:248.84,250.2 1 0
github.com/celestiaorg/go-header/test/testing.go:252.83,253.15 1 0
github.com/celestiaorg/go-header/test/testing.go:262.2,262.27 1 0
github.com/celestiaorg/go-header/test/testing.go:265.2,265.28 1 0
github.com/celestiaorg/go-header/test/testing.go:253.15,254.27 1 0
github.com/celestiaorg/go-header/test/testing.go:254.27,258.4 2 0
github.com/celestiaorg/go-header/test/testing.go:258.9,260.4 1 0
github.com/celestiaorg/go-header/test/testing.go:262.27,264.3 1 0
github.com/celestiaorg/go-header/test/testing.go:268.57,268.71 1 0
github.com/celestiaorg/go-header/test/testing.go:269.58,269.59 0 0
github.com/celestiaorg/go-header/store/options.go:25.37,31.2 1 1
github.com/celestiaorg/go-header/store/options.go:35.39,36.27 1 1
github.com/celestiaorg/go-header/store/options.go:39.2,39.27 1 1
github.com/celestiaorg/go-header/store/options.go:42.2,42.27 1 1
github.com/celestiaorg/go-header/store/options.go:45.2,45.12 1 1
github.com/celestiaorg/go-header/store/options.go:36.27,38.3 1 0
github.com/celestiaorg/go-header/store/options.go:39.27,41.3 1 0
github.com/celestiaorg/go-header/store/options.go:42.27,44.3 1 0
github.com/celestiaorg/go-header/store/options.go:50.42,51.29 1 0
github.com/celestiaorg/go-header/store/options.go:51.29,53.3 1 0
github.com/celestiaorg/go-header/store/options.go:58.42,59.29 1 0
github.com/celestiaorg/go-header/store/options.go:59.29,61.3 1 0
github.com/celestiaorg/go-header/store/options.go:66.42,67.29 1 0
github.com/celestiaorg/go-header/store/options.go:67.29,69.3 1 0
github.com/celestiaorg/go-header/store/testing.go:16.110,23.19 5 0
github.com/celestiaorg/go-header/store/testing.go:27.2,27.14 1 0
github.com/celestiaorg/go-header/store/testing.go:23.19,26.3 2 0
github.com/celestiaorg/go-header/p2p/server.go:45.31,47.27 2 20
github.com/celestiaorg/go-header/p2p/server.go:50.2,50.42 1 20
github.com/celestiaorg/go-header/p2p/server.go:54.2,59.8 1 20
github.com/celestiaorg/go-header/p2p/server.go:47.27,49.3 1 20
github.com/celestiaorg/go-header/p2p/server.go:50.42,52.3 1 0
github.com/celestiaorg/go-header/p2p/server.go:63.61,70.2 4 20
github.com/celestiaorg/go-header/p2p/server.go:73.60,78.2 4 15
github.com/celestiaorg/go-header/p2p/server.go:81.70,83.16 2 26
github.com/celestiaorg/go-header/p2p/server.go:87.2,89.16 3 26
github.com/celestiaorg/go-header/p2p/server.go:94.2,94.42 1 26
github.com/celestiaorg/go-header/p2p/server.go:98.2,100.27 2 26
github.com/celestiaorg/go-header/p2p/server.go:110.2,111.13 2 26
github.com/celestiaorg/go-header/p2p/server.go:122.2,122.34 1 26
github.com/celestiaorg/go-header/p2p/server.go:126.2,126.91 1 26
github.com/celestiaorg/go-header/p2p/server.go:131.2,131.28 1 26
github.com/celestiaorg/go-header/p2p/server.go:151.2,152.16 2 25
github.com/celestiaorg/go-header/p2p/server.go:83.16,85.3 1 24
github.com/celestiaorg/go-header/p2p/server.go:89.16,93.3 3 0
github.com/celestiaorg/go-header/p2p/server.go:94.42,96.3 1 0
github.com/celestiaorg/go-header/p2p/server.go:101.34,102.59 1 3
github.com/celestiaorg/go-header/p2p/server.go:103.36,104.87 1 23
github.com/celestiaorg/go-header/p2p/server.go:105.10,108.9 3 0
github.com/celestiaorg/go-header/p2p/server.go:112.11,113.30 1 22
github.com/celestiaorg/go-header/p2p/server.go:114.26,115.37 1 4
github.com/celestiaorg/go-header/p2p/server.go:116.10,118.9 2 0
github.com/celestiaorg/go-header/p2p/server.go:122.34,124.3 1 4
github.com/celestiaorg/go-header/p2p/server.go:126.91,128.3 1 24
github.com/celestiaorg/go-header/p2p/server.go:131.28,135.18 2 547
github.com/celestiaorg/go-header/p2p/server.go:143.3,144.17 2 547
github.com/celestiaorg/go-header/p2p/server.go:135.18,137.18 2 543
github.com/celestiaorg/go-header/p2p/server.go:137.18,141.5 3 0
github.com/celestiaorg/go-header/p2p/server.go:144.17,148.4 3 1
github.com/celestiaorg/go-header/p2p/server.go:152.16,154.3 1 0
github.com/celestiaorg/go-header/p2p/server.go:159.78,169.16 7 3
github.com/celestiaorg/go-header/p2p/server.go:175.2,180.20 3 2
github.com/celestiaorg/go-header/p2p/server.go:169.16,173.3 3 1
github.com/celestiaorg/go-header/p2p/server.go:185.76,186.23 1 24
github.com/celestiaorg/go-header/p2p/server.go:190.2,195.42 3 22
github.com/celestiaorg/go-header/p2p/server.go:201.2,203.34 2 22
github.com/celestiaorg/go-header/p2p/server.go:231.2,232.16 2 19
github.com/celestiaorg/go-header/p2p/server.go:242.2,245.28 3 18
github.com/celestiaorg/go-header/p2p/server.go:186.23,188.3 1 2
github.com/celestiaorg/go-header/p2p/server.go:195.42,199.3 3 0
github.com/celestiaorg/go-header/p2p/server.go:203.34,205.17 2 5
github.com/celestiaorg/go-header/p2p/server.go:212.3,212.35 1 4
github.com/celestiaorg/go-header/p2p/server.go:223.3,228.33 2 2
github.com/celestiaorg/go-header/p2p/server.go:205.17,209.4 3 1
github.com/celestiaorg/go-header/p2p/server.go:212.35,221.4 3 2
github.com/celestiaorg/go-header/p2p/server.go:232.16,234.47 2 1
github.com/celestiaorg/go-header/p2p/server.go:238.3,239.18 2 1
github.com/celestiaorg/go-header/p2p/server.go:234.47,237.4 2 0
github.com/celestiaorg/go-header/p2p/server.go:249.65,257.16 7 2
github.com/celestiaorg/go-header/p2p/server.go:263.2,268.23 3 2
github.com/celestiaorg/go-header/p2p/server.go:257.16,261.3 3 0
github.com/celestiaorg/go-header/interface.go:69.43,71.2 1 0
github.com/celestiaorg/go-header/store/height_indexer.go:21.110,23.16 2 1
github.com/celestiaorg/go-header/store/height_indexer.go:27.2,30.8 1 1
github.com/celestiaorg/go-header/store/height_indexer.go:23.16,25.3 1 0
github.com/celestiaorg/go-header/store/height_indexer.go:34.94,35.34 1 0
github.com/celestiaorg/go-header/store/height_indexer.go:39.2,40.16 2 0
github.com/celestiaorg/go-header/store/height_indexer.go:44.2,45.17 2 0
github.com/celestiaorg/go-header/store/height_indexer.go:35.34,37.3 1 0
github.com/celestiaorg/go-header/store/height_indexer.go:40.16,42.3 1 0
github.com/celestiaorg/go-header/store/height_indexer.go:49.101,50.28 1 0
github.com/celestiaorg/go-header/store/height_indexer.go:57.2,57.12 1 0
github.com/celestiaorg/go-header/store/height_indexer.go:50.28,52.17 2 0
github.com/celestiaorg/go-header/store/height_indexer.go:52.17,54.4 1 0
github.com/celestiaorg/go-header/p2p/helpers.go:19.47,21.2 1 33
github.com/celestiaorg/go-header/p2p/helpers.go:23.45,25.2 1 2
github.com/celestiaorg/go-header/p2p/helpers.go:27.47,28.50 1 5
github.com/celestiaorg/go-header/p2p/helpers.go:33.2,33.12 1 2
github.com/celestiaorg/go-header/p2p/helpers.go:28.50,32.3 1 3
github.com/celestiaorg/go-header/p2p/helpers.go:45.53,48.16 3 24
github.com/celestiaorg/go-header/p2p/helpers.go:55.2,55.34 1 24
github.com/celestiaorg/go-header/p2p/helpers.go:62.2,63.16 2 24
github.com/celestiaorg/go-header/p2p/helpers.go:68.2,69.16 2 24
github.com/celestiaorg/go-header/p2p/helpers.go:73.2,76.39 3 24
github.com/celestiaorg/go-header/p2p/helpers.go:88.2,96.19 2 24
github.com/celestiaorg/go-header/p2p/helpers.go:100.2,100.16 1 24
github.com/celestiaorg/go-header/p2p/helpers.go:108.2,108.52 1 24
github.com/celestiaorg/go-header/p2p/helpers.go:48.16,50.3 1 0
github.com/celestiaorg/go-header/p2p/helpers.go:55.34,56.47 1 22
github.com/celestiaorg/go-header/p2p/helpers.go:56.47,58.4 1 20
github.com/celestiaorg/go-header/p2p/helpers.go:63.16,66.3 2 0
github.com/celestiaorg/go-header/p2p/helpers.go:69.16,71.3 1 0
github.com/celestiaorg/go-header/p2p/helpers.go:76.39,79.21 3 549
github.com/celestiaorg/go-header/p2p/helpers.go:84.3,85.34 2 544
github.com/celestiaorg/go-header/p2p/helpers.go:79.21,81.9 2 5
github.com/celestiaorg/go-header/p2p/helpers.go:96.19,98.3 1 4
github.com/celestiaorg/go-header/p2p/helpers.go:100.16,101.50 1 23
github.com/celestiaorg/go-header/p2p/helpers.go:101.50,103.4 1 0
github.com/celestiaorg/go-header/p2p/helpers.go:104.8,107.3 1 1
github.com/celestiaorg/go-header/p2p/helpers.go:112.61,113.14 1 544
github.com/celestiaorg/go-header/p2p/helpers.go:114.28,115.13 1 542
github.com/celestiaorg/go-header/p2p/helpers.go:116.35,117.28 1 2
github.com/celestiaorg/go-header/p2p/helpers.go:118.10,119.52 1 0
github.com/celestiaorg/go-header/p2p/subscriber.go:29.18,35.2 1 2
github.com/celestiaorg/go-header/p2p/subscriber.go:39.60,43.2 3 2
github.com/celestiaorg/go-header/p2p/subscriber.go:46.53,48.16 2 0
github.com/celestiaorg/go-header/p2p/subscriber.go:52.2,52.24 1 0
github.com/celestiaorg/go-header/p2p/subscriber.go:48.16,50.3 1 0
github.com/celestiaorg/go-header/p2p/subscriber.go:56.98,57.92 1 1
github.com/celestiaorg/go-header/p2p/subscriber.go:70.2,70.63 1 1
github.com/celestiaorg/go-header/p2p/subscriber.go:57.92,61.17 4 1
github.com/celestiaorg/go-header/p2p/subscriber.go:67.3,68.33 2 1
github.com/celestiaorg/go-header/p2p/subscriber.go:61.17,66.4 2 0
github.com/celestiaorg/go-header/p2p/subscriber.go:75.69,76.20 1 2
github.com/celestiaorg/go-header/p2p/subscriber.go:80.2,80.36 1 2
github.com/celestiaorg/go-header/p2p/subscriber.go:76.20,78.3 1 0
github.com/celestiaorg/go-header/p2p/subscriber.go:84.95,86.16 2 0
github.com/celestiaorg/go-header/p2p/subscriber.go:89.2,89.43 1 0
github.com/celestiaorg/go-header/p2p/subscriber.go:86.16,88.3 1 0
github.com/celestiaorg/go-header/store/batch.go:23.52,28.2 1 1
github.com/celestiaorg/go-header/store/batch.go:31.30,35.2 3 0
github.com/celestiaorg/go-header/store/batch.go:38.33,42.2 3 0
github.com/celestiaorg/go-header/store/batch.go:45.44,49.9 4 0
github.com/celestiaorg/go-header/store/batch.go:54.2,54.30 1 0
github.com/celestiaorg/go-header/store/batch.go:49.9,52.3 2 0
github.com/celestiaorg/go-header/store/batch.go:58.49,62.2 3 0
github.com/celestiaorg/go-header/store/batch.go:64.49,69.13 2 0
github.com/celestiaorg/go-header/store/batch.go:73.2,75.37 3 0
github.com/celestiaorg/go-header/store/batch.go:79.2,79.33 1 0
github.com/celestiaorg/go-header/store/batch.go:69.13,71.3 1 0
github.com/celestiaorg/go-header/store/batch.go:75.37,77.3 1 0
github.com/celestiaorg/go-header/store/batch.go:83.41,86.28 3 0
github.com/celestiaorg/go-header/store/batch.go:86.28,89.3 2 0
github.com/celestiaorg/go-header/store/batch.go:93.47,98.2 4 0
github.com/celestiaorg/go-header/store/batch.go:101.28,105.27 4 0
github.com/celestiaorg/go-header/store/batch.go:105.27,107.3 1 0
github.com/celestiaorg/go-header/p2p/peer_tracker.go:53.16,64.2 2 13
github.com/celestiaorg/go-header/p2p/peer_tracker.go:66.31,67.15 1 11
github.com/celestiaorg/go-header/p2p/peer_tracker.go:72.2,72.45 1 11
github.com/celestiaorg/go-header/p2p/peer_tracker.go:76.2,77.16 2 11
github.com/celestiaorg/go-header/p2p/peer_tracker.go:82.2,82.6 1 11
github.com/celestiaorg/go-header/p2p/peer_tracker.go:67.15,69.3 1 11
github.com/celestiaorg/go-header/p2p/peer_tracker.go:72.45,74.3 1 13
github.com/celestiaorg/go-header/p2p/peer_tracker.go:77.16,80.3 2 0
github.com/celestiaorg/go-header/p2p/peer_tracker.go:82.6,83.10 1 12
github.com/celestiaorg/go-header/p2p/peer_tracker.go:84.23,86.18 2 11
github.com/celestiaorg/go-header/p2p/peer_tracker.go:89.4,89.10 1 11
github.com/celestiaorg/go-header/p2p/peer_tracker.go:90.37,92.28 2 1
github.com/celestiaorg/go-header/p2p/peer_tracker.go:86.18,88.5 1 0
github.com/celestiaorg/go-header/p2p/peer_tracker.go:93.27,94.25 1 0
github.com/celestiaorg/go-header/p2p/peer_tracker.go:95.30,96.28 1 1
github.com/celestiaorg/go-header/p2p/peer_tracker.go:102.46,103.24 1 13
github.com/celestiaorg/go-header/p2p/peer_tracker.go:107.2,107.54 1 13
github.com/celestiaorg/go-header/p2p/peer_tracker.go:114.2,120.50 3 13
github.com/celestiaorg/go-header/p2p/peer_tracker.go:126.2,127.9 2 13
github.com/celestiaorg/go-header/p2p/peer_tracker.go:132.2,132.29 1 13
github.com/celestiaorg/go-header/p2p/peer_tracker.go:103.24,105.3 1 0
github.com/celestiaorg/go-header/p2p/peer_tracker.go:107.54,109.25 1 13
github.com/celestiaorg/go-header/p2p/peer_tracker.go:109.25,111.4 1 0
github.com/celestiaorg/go-header/p2p/peer_tracker.go:120.50,122.3 1 0
github.com/celestiaorg/go-header/p2p/peer_tracker.go:127.9,129.3 1 13
github.com/celestiaorg/go-header/p2p/peer_tracker.go:129.8,131.3 1 0
github.com/celestiaorg/go-header/p2p/peer_tracker.go:135.49,139.9 4 1
github.com/celestiaorg/go-header/p2p/peer_tracker.go:142.2,144.29 3 0
github.com/celestiaorg/go-header/p2p/peer_tracker.go:139.9,141.3 1 1
github.com/celestiaorg/go-header/p2p/peer_tracker.go:147.43,151.38 4 9
github.com/celestiaorg/go-header/p2p/peer_tracker.go:154.2,154.14 1 9
github.com/celestiaorg/go-header/p2p/peer_tracker.go:151.38,153.3 1 13
github.com/celestiaorg/go-header/p2p/peer_tracker.go:161.28,163.6 2 11
github.com/celestiaorg/go-header/p2p/peer_tracker.go:163.6,164.10 1 16
github.com/celestiaorg/go-header/p2p/peer_tracker.go:165.23,167.10 2 11
github.com/celestiaorg/go-header/p2p/peer_tracker.go:168.19,171.46 3 5
github.com/celestiaorg/go-header/p2p/peer_tracker.go:177.4,177.41 1 5
github.com/celestiaorg/go-header/p2p/peer_tracker.go:182.4,182.21 1 5
github.com/celestiaorg/go-header/p2p/peer_tracker.go:171.46,172.39 1 6
github.com/celestiaorg/go-header/p2p/peer_tracker.go:172.39,174.6 1 1
github.com/celestiaorg/go-header/p2p/peer_tracker.go:177.41,178.39 1 6
github.com/celestiaorg/go-header/p2p/peer_tracker.go:178.39,180.6 1 1
github.com/celestiaorg/go-header/p2p/peer_tracker.go:188.30,191.35 2 11
github.com/celestiaorg/go-header/p2p/peer_tracker.go:191.35,193.3 1 22
github.com/celestiaorg/go-header/p2p/peer_tracker.go:197.60,200.16 2 2
github.com/celestiaorg/go-header/p2p/peer_tracker.go:204.2,205.16 2 2
github.com/celestiaorg/go-header/p2p/peer_tracker.go:209.2,215.34 5 2
github.com/celestiaorg/go-header/p2p/peer_tracker.go:200.16,202.3 1 0
github.com/celestiaorg/go-header/p2p/peer_tracker.go:205.16,207.3 1 0
github.com/celestiaorg/go-header/p2p/peer_stats.go:29.60,33.15 4 18
github.com/celestiaorg/go-header/p2p/peer_stats.go:36.2,36.24 1 18
github.com/celestiaorg/go-header/p2p/peer_stats.go:40.2,40.48 1 13
github.com/celestiaorg/go-header/p2p/peer_stats.go:33.15,35.3 1 10
github.com/celestiaorg/go-header/p2p/peer_stats.go:36.24,39.3 2 5
github.com/celestiaorg/go-header/p2p/peer_stats.go:47.36,52.2 3 4
github.com/celestiaorg/go-header/p2p/peer_stats.go:55.36,59.2 3 64
github.com/celestiaorg/go-header/p2p/peer_stats.go:65.31,69.2 3 14
github.com/celestiaorg/go-header/p2p/peer_stats.go:71.31,71.49 1 85
github.com/celestiaorg/go-header/p2p/peer_stats.go:75.41,77.2 1 27
github.com/celestiaorg/go-header/p2p/peer_stats.go:79.36,81.2 1 40
github.com/celestiaorg/go-header/p2p/peer_stats.go:84.34,87.2 2 42
github.com/celestiaorg/go-header/p2p/peer_stats.go:90.32,97.2 6 27
github.com/celestiaorg/go-header/p2p/peer_stats.go:109.70,116.29 3 12
github.com/celestiaorg/go-header/p2p/peer_stats.go:119.2,119.11 1 12
github.com/celestiaorg/go-header/p2p/peer_stats.go:116.29,118.3 1 21
github.com/celestiaorg/go-header/p2p/peer_stats.go:125.60,130.9 1 20
github.com/celestiaorg/go-header/p2p/peer_stats.go:137.2,139.39 3 19
github.com/celestiaorg/go-header/p2p/peer_stats.go:131.20,132.21 1 1
github.com/celestiaorg/go-header/p2p/peer_stats.go:133.22,134.21 1 0
github.com/celestiaorg/go-header/p2p/peer_stats.go:135.20,135.20 0 19
github.com/celestiaorg/go-header/p2p/peer_stats.go:143.42,149.2 4 36
github.com/celestiaorg/go-header/metrics.go:16.50,27.29 2 0
github.com/celestiaorg/go-header/metrics.go:45.2,45.12 1 0
github.com/celestiaorg/go-header/metrics.go:27.29,34.18 4 0
github.com/celestiaorg/go-header/metrics.go:39.4,42.5 1 0
github.com/celestiaorg/go-header/metrics.go:34.18,37.5 2 0
github.com/celestiaorg/go-header/p2p/pb/header_request.pb.go:45.37,47.2 1 0
github.com/celestiaorg/go-header/p2p/pb/header_request.pb.go:49.52,51.2 1 0
github.com/celestiaorg/go-header/p2p/pb/header_request.pb.go:61.41,61.65 1 0
github.com/celestiaorg/go-header/p2p/pb/header_request.pb.go:62.41,62.78 1 0
github.com/celestiaorg/go-header/p2p/pb/header_request.pb.go:63.42,63.43 0 0
github.com/celestiaorg/go-header/p2p/pb/header_request.pb.go:64.52,66.2 1 0
github.com/celestiaorg/go-header/p2p/pb/header_request.pb.go:67.55,69.2 1 0
github.com/celestiaorg/go-header/p2p/pb/header_request.pb.go:70.83,71.19 1 0
github.com/celestiaorg/go-header/p2p/pb/header_request.pb.go:71.19,73.3 1 0
github.com/celestiaorg/go-header/p2p/pb/header_request.pb.go:73.8,76.17 3 0
github.com/celestiaorg/go-header/p2p/pb/header_request.pb.go:79.3,79.20 1 0
github.com/celestiaorg/go-header/p2p/pb/header_request.pb.go:76.17,78.4 1 0
github.com/celestiaorg/go-header/p2p/pb/header_request.pb.go:82.54,84.2 1 0
github.com/celestiaorg/go-header/p2p/pb/header_request.pb.go:85.40,87.2 1 0
github.com/celestiaorg/go-header/p2p/pb/header_request.pb.go:88.46,90.2 1 0
github.com/celestiaorg/go-header/p2p/pb/header_request.pb.go:107.54,107.55 0 0
github.com/celestiaorg/go-header/p2p/pb/header_request.pb.go:108.54,108.55 0 0
github.com/celestiaorg/go-header/p2p/pb/header_request.pb.go:110.56,111.14 1 59
github.com/celestiaorg/go-header/p2p/pb/header_request.pb.go:114.2,114.12 1 0
github.com/celestiaorg/go-header/p2p/pb/header_request.pb.go:111.14,113.3 1 59
github.com/celestiaorg/go-header/p2p/pb/header_request.pb.go:117.44,118.54 1 56
github.com/celestiaorg/go-header/p2p/pb/header_request.pb.go:121.2,121.10 1 0
github.com/celestiaorg/go-header/p2p/pb/header_request.pb.go:118.54,120.3 1 56
github.com/celestiaorg/go-header/p2p/pb/header_request.pb.go:124.42,125.52 1 3
github.com/celestiaorg/go-header/p2p/pb/header_request.pb.go:128.2,128.12 1 0
github.com/celestiaorg/go-header/p2p/pb/header_request.pb.go:125.52,127.3 1 3
github.com/celestiaorg/go-header/p2p/pb/header_request.pb.go:131.44,132.14 1 0
github.com/celestiaorg/go-header/p2p/pb/header_request.pb.go:135.2,135.10 1 0
github.com/celestiaorg/go-header/p2p/pb/header_request.pb.go:132.14,134.3 1 0
github.com/celestiaorg/go-header/p2p/pb/header_request.pb.go:139.57,144.2 1 0
github.com/celestiaorg/go-header/p2p/pb/header_request.pb.go:151.42,151.67 1 0
github.com/celestiaorg/go-header/p2p/pb/header_request.pb.go:152.42,152.79 1 0
github.com/celestiaorg/go-header/p2p/pb/header_request.pb.go:153.43,153.44 0 0
github.com/celestiaorg/go-header/p2p/pb/header_request.pb.go:154.53,156.2 1 0
github.com/celestiaorg/go-header/p2p/pb/header_request.pb.go:157.56,159.2 1 0
github.com/celestiaorg/go-header/p2p/pb/header_request.pb.go:160.84,161.19 1 0
github.com/celestiaorg/go-header/p2p/pb/header_request.pb.go:161.19,163.3 1 0
github.com/celestiaorg/go-header/p2p/pb/header_request.pb.go:163.8,166.17 3 0
github.com/celestiaorg/go-header/p2p/pb/header_request.pb.go:169.3,169.20 1 0
github.com/celestiaorg/go-header/p2p/pb/header_request.pb.go:166.17,168.4 1 0
github.com/celestiaorg/go-header/p2p/pb/header_request.pb.go:172.55,174.2 1 0
github.com/celestiaorg/go-header/p2p/pb/header_request.pb.go:175.41,177.2 1 0
github.com/celestiaorg/go-header/p2p/pb/header_request.pb.go:178.47,180.2 1 0
github.com/celestiaorg/go-header/p2p/pb/header_request.pb.go:184.43,185.14 1 0
github.com/celestiaorg/go-header/p2p/pb/header_request.pb.go:188.2,188.12 1 0
github.com/celestiaorg/go-header/p2p/pb/header_request.pb.go:185.14,187.3 1 0
github.com/celestiaorg/go-header/p2p/pb/header_request.pb.go:191.53,192.14 1 0
github.com/celestiaorg/go-header/p2p/pb/header_request.pb.go:195.2,195.27 1 0
github.com/celestiaorg/go-header/p2p/pb/header_request.pb.go:192.14,194.3 1 0
github.com/celestiaorg/go-header/p2p/pb/header_request.pb.go:198.13,202.2 3 1
github.com/celestiaorg/go-header/p2p/pb/header_request.pb.go:204.13,206.2 1 1
github.com/celestiaorg/go-header/p2p/pb/header_request.pb.go:229.60,233.16 4 0
github.com/celestiaorg/go-header/p2p/pb/header_request.pb.go:236.2,236.22 1 0
github.com/celestiaorg/go-header/p2p/pb/header_request.pb.go:233.16,235.3 1 0
github.com/celestiaorg/go-header/p2p/pb/header_request.pb.go:239.61,242.2 2 26
github.com/celestiaorg/go-header/p2p/pb/header_request.pb.go:244.72,249.19 5 26
github.com/celestiaorg/go-header/p2p/pb/header_request.pb.go:254.2,254.19 1 26
github.com/celestiaorg/go-header/p2p/pb/header_request.pb.go:263.2,263.27 1 26
github.com/celestiaorg/go-header/p2p/pb/header_request.pb.go:249.19,253.3 3 26
github.com/celestiaorg/go-header/p2p/pb/header_request.pb.go:254.19,255.3 1 26
github.com/celestiaorg/go-header/p2p/pb/header_request.pb.go:255.3,258.56 3 26
github.com/celestiaorg/go-header/p2p/pb/header_request.pb.go:258.56,260.5 1 0
github.com/celestiaorg/go-header/p2p/pb/header_request.pb.go:266.68,269.2 2 23
github.com/celestiaorg/go-header/p2p/pb/header_request.pb.go:271.79,277.2 5 23
github.com/celestiaorg/go-header/p2p/pb/header_request.pb.go:278.66,281.2 2 3
github.com/celestiaorg/go-header/p2p/pb/header_request.pb.go:283.77,285.19 2 3
github.com/celestiaorg/go-header/p2p/pb/header_request.pb.go:292.2,292.27 1 3
github.com/celestiaorg/go-header/p2p/pb/header_request.pb.go:285.19,291.3 5 3
github.com/celestiaorg/go-header/p2p/pb/header_request.pb.go:294.61,298.16 4 0
github.com/celestiaorg/go-header/p2p/pb/header_request.pb.go:301.2,301.22 1 0
github.com/celestiaorg/go-header/p2p/pb/header_request.pb.go:298.16,300.3 1 0
github.com/celestiaorg/go-header/p2p/pb/header_request.pb.go:304.62,307.2 2 547
github.com/celestiaorg/go-header/p2p/pb/header_request.pb.go:309.73,314.23 5 547
github.com/celestiaorg/go-header/p2p/pb/header_request.pb.go:319.2,319.21 1 547
github.com/celestiaorg/go-header/p2p/pb/header_request.pb.go:326.2,326.27 1 547
github.com/celestiaorg/go-header/p2p/pb/header_request.pb.go:314.23,318.3 3 547
github.com/celestiaorg/go-header/p2p/pb/header_request.pb.go:319.21,325.3 5 543
github.com/celestiaorg/go-header/p2p/pb/header_request.pb.go:329.71,332.16 3 1142
github.com/celestiaorg/go-header/p2p/pb/header_request.pb.go:337.2,338.13 2 1142
github.com/celestiaorg/go-header/p2p/pb/header_request.pb.go:332.16,336.3 3 543
github.com/celestiaorg/go-header/p2p/pb/header_request.pb.go:340.40,341.14 1 78
github.com/celestiaorg/go-header/p2p/pb/header_request.pb.go:344.2,346.19 3 78
github.com/celestiaorg/go-header/p2p/pb/header_request.pb.go:349.2,349.19 1 78
github.com/celestiaorg/go-header/p2p/pb/header_request.pb.go:352.2,352.10 1 78
github.com/celestiaorg/go-header/p2p/pb/header_request.pb.go:341.14,343.3 1 0
github.com/celestiaorg/go-header/p2p/pb/header_request.pb.go:346.19,348.3 1 78
github.com/celestiaorg/go-header/p2p/pb/header_request.pb.go:349.19,351.3 1 78
github.com/celestiaorg/go-header/p2p/pb/header_request.pb.go:355.47,356.14 1 115
github.com/celestiaorg/go-header/p2p/pb/header_request.pb.go:359.2,362.10 4 115
github.com/celestiaorg/go-header/p2p/pb/header_request.pb.go:356.14,358.3 1 0
github.com/celestiaorg/go-header/p2p/pb/header_request.pb.go:364.45,365.14 1 15
github.com/celestiaorg/go-header/p2p/pb/header_request.pb.go:368.2,370.19 3 15
github.com/celestiaorg/go-header/p2p/pb/header_request.pb.go:374.2,374.10 1 15
github.com/celestiaorg/go-header/p2p/pb/header_request.pb.go:365.14,367.3 1 0
github.com/celestiaorg/go-header/p2p/pb/header_request.pb.go:370.19,373.3 2 15
github.com/celestiaorg/go-header/p2p/pb/header_request.pb.go:376.41,377.14 1 1641
github.com/celestiaorg/go-header/p2p/pb/header_request.pb.go:380.2,383.11 4 1641
github.com/celestiaorg/go-header/p2p/pb/header_request.pb.go:386.2,386.23 1 1641
github.com/celestiaorg/go-header/p2p/pb/header_request.pb.go:389.2,389.10 1 1641
github.com/celestiaorg/go-header/p2p/pb/header_request.pb.go:377.14,379.3 1 0
github.com/celestiaorg/go-header/p2p/pb/header_request.pb.go:383.11,385.3 1 1629
github.com/celestiaorg/go-header/p2p/pb/header_request.pb.go:386.23,388.3 1 1641
github.com/celestiaorg/go-header/p2p/pb/header_request.pb.go:392.41,394.2 1 4620
github.com/celestiaorg/go-header/p2p/pb/header_request.pb.go:395.41,397.2 1 0
github.com/celestiaorg/go-header/p2p/pb/header_request.pb.go:398.54,401.16 3 26
github.com/celestiaorg/go-header/p2p/pb/header_request.pb.go:515.2,515.15 1 26
github.com/celestiaorg/go-header/p2p/pb/header_request.pb.go:518.2,518.12 1 26
github.com/celestiaorg/go-header/p2p/pb/header_request.pb.go:401.16,404.38 3 52
github.com/celestiaorg/go-header/p2p/pb/header_request.pb.go:418.3,420.20 3 52
github.com/celestiaorg/go-header/p2p/pb/header_request.pb.go:423.3,423.20 1 52
github.com/celestiaorg/go-header/p2p/pb/header_request.pb.go:426.3,426.19 1 52
github.com/celestiaorg/go-header/p2p/pb/header_request.pb.go:404.38,405.19 1 52
github.com/celestiaorg/go-header/p2p/pb/header_request.pb.go:408.4,408.18 1 52
github.com/celestiaorg/go-header/p2p/pb/header_request.pb.go:411.4,414.16 4 52
github.com/celestiaorg/go-header/p2p/pb/header_request.pb.go:405.19,407.5 1 0
github.com/celestiaorg/go-header/p2p/pb/header_request.pb.go:408.18,410.5 1 0
github.com/celestiaorg/go-header/p2p/pb/header_request.pb.go:414.16,415.10 1 52
github.com/celestiaorg/go-header/p2p/pb/header_request.pb.go:420.20,422.4 1 0
github.com/celestiaorg/go-header/p2p/pb/header_request.pb.go:423.20,425.4 1 0
github.com/celestiaorg/go-header/p2p/pb/header_request.pb.go:427.10,428.21 1 23
github.com/celestiaorg/go-header/p2p/pb/header_request.pb.go:431.4,432.39 2 23
github.com/celestiaorg/go-header/p2p/pb/header_request.pb.go:446.4,446.37 1 23
github.com/celestiaorg/go-header/p2p/pb/header_request.pb.go:447.10,448.21 1 3
github.com/celestiaorg/go-header/p2p/pb/header_request.pb.go:451.4,452.39 2 3
github.com/celestiaorg/go-header/p2p/pb/header_request.pb.go:466.4,466.19 1 3
github.com/celestiaorg/go-header/p2p/pb/header_request.pb.go:469.4,470.21 2 3
github.com/celestiaorg/go-header/p2p/pb/header_request.pb.go:473.4,473.21 1 3
github.com/celestiaorg/go-header/p2p/pb/header_request.pb.go:476.4,479.21 4 3
github.com/celestiaorg/go-header/p2p/pb/header_request.pb.go:480.10,481.21 1 26
github.com/celestiaorg/go-header/p2p/pb/header_request.pb.go:484.4,485.39 2 26
github.com/celestiaorg/go-header/p2p/pb/header_request.pb.go:499.11,502.18 3 0
github.com/celestiaorg/go-header/p2p/pb/header_request.pb.go:505.4,505.42 1 0
github.com/celestiaorg/go-header/p2p/pb/header_request.pb.go:508.4,508.28 1 0
github.com/celestiaorg/go-header/p2p/pb/header_request.pb.go:511.4,511.19 1 0
github.com/celestiaorg/go-header/p2p/pb/header_request.pb.go:428.21,430.5 1 0
github.com/celestiaorg/go-header/p2p/pb/header_request.pb.go:432.39,433.20 1 29
github.com/celestiaorg/go-header/p2p/pb/header_request.pb.go:436.5,436.19 1 29
github.com/celestiaorg/go-header/p2p/pb/header_request.pb.go:439.5,442.17 4 29
github.com/celestiaorg/go-header/p2p/pb/header_request.pb.go:433.20,435.6 1 0
github.com/celestiaorg/go-header/p2p/pb/header_request.pb.go:436.19,438.6 1 0
github.com/celestiaorg/go-header/p2p/pb/header_request.pb.go:442.17,443.11 1 23
github.com/celestiaorg/go-header/p2p/pb/header_request.pb.go:448.21,450.5 1 0
github.com/celestiaorg/go-header/p2p/pb/header_request.pb.go:452.39,453.20 1 3
github.com/celestiaorg/go-header/p2p/pb/header_request.pb.go:456.5,456.19 1 3
github.com/celestiaorg/go-header/p2p/pb/header_request.pb.go:459.5,462.17 4 3
github.com/celestiaorg/go-header/p2p/pb/header_request.pb.go:453.20,455.6 1 0
github.com/celestiaorg/go-header/p2p/pb/header_request.pb.go:456.19,458.6 1 0
github.com/celestiaorg/go-header/p2p/pb/header_request.pb.go:462.17,463.11 1 3
github.com/celestiaorg/go-header/p2p/pb/header_request.pb.go:466.19,468.5 1 0
github.com/celestiaorg/go-header/p2p/pb/header_request.pb.go:470.21,472.5 1 0
github.com/celestiaorg/go-header/p2p/pb/header_request.pb.go:473.21,475.5 1 0
github.com/celestiaorg/go-header/p2p/pb/header_request.pb.go:481.21,483.5 1 0
github.com/celestiaorg/go-header/p2p/pb/header_request.pb.go:485.39,486.20 1 26
github.com/celestiaorg/go-header/p2p/pb/header_request.pb.go:489.5,489.19 1 26
github.com/celestiaorg/go-header/p2p/pb/header_request.pb.go:492.5,495.17 4 26
github.com/celestiaorg/go-header/p2p/pb/header_request.pb.go:486.20,488.6 1 0
github.com/celestiaorg/go-header/p2p/pb/header_request.pb.go:489.19,491.6 1 0
github.com/celestiaorg/go-header/p2p/pb/header_request.pb.go:495.17,496.11 1 26
github.com/celestiaorg/go-header/p2p/pb/header_request.pb.go:502.18,504.5 1 0
github.com/celestiaorg/go-header/p2p/pb/header_request.pb.go:505.42,507.5 1 0
github.com/celestiaorg/go-header/p2p/pb/header_request.pb.go:508.28,510.5 1 0
github.com/celestiaorg/go-header/p2p/pb/header_request.pb.go:515.15,517.3 1 0
github.com/celestiaorg/go-header/p2p/pb/header_request.pb.go:520.55,523.16 3 546
github.com/celestiaorg/go-header/p2p/pb/header_request.pb.go:618.2,618.15 1 546
github.com/celestiaorg/go-header/p2p/pb/header_request.pb.go:621.2,621.12 1 546
github.com/celestiaorg/go-header/p2p/pb/header_request.pb.go:523.16,526.38 3 1089
github.com/celestiaorg/go-header/p2p/pb/header_request.pb.go:540.3,542.20 3 1089
github.com/celestiaorg/go-header/p2p/pb/header_request.pb.go:545.3,545.20 1 1089
github.com/celestiaorg/go-header/p2p/pb/header_request.pb.go:548.3,548.19 1 1089
github.com/celestiaorg/go-header/p2p/pb/header_request.pb.go:526.38,527.19 1 1089
github.com/celestiaorg/go-header/p2p/pb/header_request.pb.go:530.4,530.18 1 1089
github.com/celestiaorg/go-header/p2p/pb/header_request.pb.go:533.4,536.16 4 1089
github.com/celestiaorg/go-header/p2p/pb/header_request.pb.go:527.19,529.5 1 0
github.com/celestiaorg/go-header/p2p/pb/header_request.pb.go:530.18,532.5 1 0
github.com/celestiaorg/go-header/p2p/pb/header_request.pb.go:536.16,537.10 1 1089
github.com/celestiaorg/go-header/p2p/pb/header_request.pb.go:542.20,544.4 1 0
github.com/celestiaorg/go-header/p2p/pb/header_request.pb.go:545.20,547.4 1 0
github.com/celestiaorg/go-header/p2p/pb/header_request.pb.go:549.10,550.21 1 543
github.com/celestiaorg/go-header/p2p/pb/header_request.pb.go:553.4,554.39 2 543
github.com/celestiaorg/go-header/p2p/pb/header_request.pb.go:568.4,568.19 1 543
github.com/celestiaorg/go-header/p2p/pb/header_request.pb.go:571.4,572.21 2 543
github.com/celestiaorg/go-header/p2p/pb/header_request.pb.go:575.4,575.21 1 543
github.com/celestiaorg/go-header/p2p/pb/header_request.pb.go:578.4,579.21 2 543
github.com/celestiaorg/go-header/p2p/pb/header_request.pb.go:582.4,582.21 1 543
github.com/celestiaorg/go-header/p2p/pb/header_request.pb.go:583.10,584.21 1 546
github.com/celestiaorg/go-header/p2p/pb/header_request.pb.go:587.4,588.39 2 546
github.com/celestiaorg/go-header/p2p/pb/header_request.pb.go:602.11,605.18 3 0
github.com/celestiaorg/go-header/p2p/pb/header_request.pb.go:608.4,608.42 1 0
github.com/celestiaorg/go-header/p2p/pb/header_request.pb.go:611.4,611.28 1 0
github.com/celestiaorg/go-header/p2p/pb/header_request.pb.go:614.4,614.19 1 0
github.com/celestiaorg/go-header/p2p/pb/header_request.pb.go:550.21,552.5 1 0
github.com/celestiaorg/go-header/p2p/pb/header_request.pb.go:554.39,555.20 1 1080
github.com/celestiaorg/go-header/p2p/pb/header_request.pb.go:558.5,558.19 1 1080
github.com/celestiaorg/go-header/p2p/pb/header_request.pb.go:561.5,564.17 4 1080
github.com/celestiaorg/go-header/p2p/pb/header_request.pb.go:555.20,557.6 1 0
github.com/celestiaorg/go-header/p2p/pb/header_request.pb.go:558.19,560.6 1 0
github.com/celestiaorg/go-header/p2p/pb/header_request.pb.go:564.17,565.11 1 543
github.com/celestiaorg/go-header/p2p/pb/header_request.pb.go:568.19,570.5 1 0
github.com/celestiaorg/go-header/p2p/pb/header_request.pb.go:572.21,574.5 1 0
github.com/celestiaorg/go-header/p2p/pb/header_request.pb.go:575.21,577.5 1 0
github.com/celestiaorg/go-header/p2p/pb/header_request.pb.go:579.21,581.5 1 0
github.com/celestiaorg/go-header/p2p/pb/header_request.pb.go:584.21,586.5 1 0
github.com/celestiaorg/go-header/p2p/pb/header_request.pb.go:588.39,589.20 1 546
github.com/celestiaorg/go-header/p2p/pb/header_request.pb.go:592.5,592.19 1 546
github.com/celestiaorg/go-header/p2p/pb/header_request.pb.go:595.5,598.17 4 546
github.com/celestiaorg/go-header/p2p/pb/header_request.pb.go:589.20,591.6 1 0
github.com/celestiaorg/go-header/p2p/pb/header_request.pb.go:592.19,594.6 1 0
github.com/celestiaorg/go-header/p2p/pb/header_request.pb.go:598.17,599.11 1 546
github.com/celestiaorg/go-header/p2p/pb/header_request.pb.go:605.18,607.5 1 0
github.com/celestiaorg/go-header/p2p/pb/header_request.pb.go:608.42,610.5 1 0
github.com/celestiaorg/go-header/p2p/pb/header_request.pb.go:611.28,613.5 1 0
github.com/celestiaorg/go-header/p2p/pb/header_request.pb.go:618.15,620.3 1 0
github.com/celestiaorg/go-header/p2p/pb/header_request.pb.go:623.56,627.16 4 0
github.com/celestiaorg/go-header/p2p/pb/header_request.pb.go:699.2,699.31 1 0
github.com/celestiaorg/go-header/p2p/pb/header_request.pb.go:627.16,629.38 2 0
github.com/celestiaorg/go-header/p2p/pb/header_request.pb.go:643.3,644.19 2 0
github.com/celestiaorg/go-header/p2p/pb/header_request.pb.go:692.3,692.16 1 0
github.com/celestiaorg/go-header/p2p/pb/header_request.pb.go:695.3,695.17 1 0
github.com/celestiaorg/go-header/p2p/pb/header_request.pb.go:629.38,630.19 1 0
github.com/celestiaorg/go-header/p2p/pb/header_request.pb.go:633.4,633.18 1 0
github.com/celestiaorg/go-header/p2p/pb/header_request.pb.go:636.4,639.16 4 0
github.com/celestiaorg/go-header/p2p/pb/header_request.pb.go:630.19,632.5 1 0
github.com/celestiaorg/go-header/p2p/pb/header_request.pb.go:633.18,635.5 1 0
github.com/celestiaorg/go-header/p2p/pb/header_request.pb.go:639.16,640.10 1 0
github.com/celestiaorg/go-header/p2p/pb/header_request.pb.go:645.10,646.39 1 0
github.com/celestiaorg/go-header/p2p/pb/header_request.pb.go:658.10,659.14 1 0
github.com/celestiaorg/go-header/p2p/pb/header_request.pb.go:660.10,662.39 2 0
github.com/celestiaorg/go-header/p2p/pb/header_request.pb.go:676.4,676.18 1 0
github.com/celestiaorg/go-header/p2p/pb/header_request.pb.go:679.4,679.19 1 0
github.com/celestiaorg/go-header/p2p/pb/header_request.pb.go:680.10,681.11 1 0
github.com/celestiaorg/go-header/p2p/pb/header_request.pb.go:682.10,683.18 1 0
github.com/celestiaorg/go-header/p2p/pb/header_request.pb.go:686.4,686.11 1 0
github.com/celestiaorg/go-header/p2p/pb/header_request.pb.go:687.10,688.14 1 0
github.com/celestiaorg/go-header/p2p/pb/header_request.pb.go:689.11,690.64 1 0
github.com/celestiaorg/go-header/p2p/pb/header_request.pb.go:646.39,647.20 1 0
github.com/celestiaorg/go-header/p2p/pb/header_request.pb.go:650.5,650.19 1 0
github.com/celestiaorg/go-header/p2p/pb/header_request.pb.go:653.5,654.29 2 0
github.com/celestiaorg/go-header/p2p/pb/header_request.pb.go:647.20,649.6 1 0
github.com/celestiaorg/go-header/p2p/pb/header_request.pb.go:650.19,652.6 1 0
github.com/celestiaorg/go-header/p2p/pb/header_request.pb.go:654.29,655.11 1 0
github.com/celestiaorg/go-header/p2p/pb/header_request.pb.go:662.39,663.20 1 0
github.com/celestiaorg/go-header/p2p/pb/header_request.pb.go:666.5,666.19 1 0
github.com/celestiaorg/go-header/p2p/pb/header_request.pb.go:669.5,672.17 4 0
github.com/celestiaorg/go-header/p2p/pb/header_request.pb.go:663.20,665.6 1 0
github.com/celestiaorg/go-header/p2p/pb/header_request.pb.go:666.19,668.6 1 0
github.com/celestiaorg/go-header/p2p/pb/header_request.pb.go:672.17,673.11 1 0
github.com/celestiaorg/go-header/p2p/pb/header_request.pb.go:676.18,678.5 1 0
github.com/celestiaorg/go-header/p2p/pb/header_request.pb.go:683.18,685.5 1 0
github.com/celestiaorg/go-header/p2p/pb/header_request.pb.go:692.16,694.4 1 0
github.com/celestiaorg/go-header/p2p/pb/header_request.pb.go:695.17,697.4 1 0
github.com/celestiaorg/go-header/p2p/metrics.go:21.44,28.16 2 0
github.com/celestiaorg/go-header/p2p/metrics.go:32.2,38.16 2 0
github.com/celestiaorg/go-header/p2p/metrics.go:42.2,46.12 2 0
github.com/celestiaorg/go-header/p2p/metrics.go:28.16,30.3 1 0
github.com/celestiaorg/go-header/p2p/metrics.go:38.16,40.3 1 0
github.com/celestiaorg/go-header/p2p/metrics.go:49.97,50.14 1 5
github.com/celestiaorg/go-header/p2p/metrics.go:53.2,62.3 2 0
github.com/celestiaorg/go-header/p2p/metrics.go:50.14,52.3 1 5
github.com/celestiaorg/go-header/p2p/session.go:23.56,24.29 1 4
github.com/celestiaorg/go-header/p2p/session.go:24.29,26.3 1 4
github.com/celestiaorg/go-header/p2p/session.go:55.15,67.30 3 9
github.com/celestiaorg/go-header/p2p/session.go:70.2,70.12 1 9
github.com/celestiaorg/go-header/p2p/session.go:67.30,69.3 1 4
github.com/celestiaorg/go-header/p2p/session.go:77.16,85.31 6 7
github.com/celestiaorg/go-header/p2p/session.go:89.2,91.6 2 7
github.com/celestiaorg/go-header/p2p/session.go:105.2,105.42 1 6
github.com/celestiaorg/go-header/p2p/session.go:109.2,113.21 2 6
github.com/celestiaorg/go-header/p2p/session.go:85.31,87.3 1 14
github.com/celestiaorg/go-header/p2p/session.go:91.6,92.10 1 16
github.com/celestiaorg/go-header/p2p/session.go:93.23,94.60 1 0
github.com/celestiaorg/go-header/p2p/session.go:95.21,96.25 1 1
github.com/celestiaorg/go-header/p2p/session.go:97.24,99.38 2 15
github.com/celestiaorg/go-header/p2p/session.go:99.38,100.15 1 6
github.com/celestiaorg/go-header/p2p/session.go:105.42,107.3 1 3216
github.com/celestiaorg/go-header/p2p/session.go:117.30,118.21 1 7
github.com/celestiaorg/go-header/p2p/session.go:118.21,121.3 2 7
github.com/celestiaorg/go-header/p2p/session.go:126.83,127.6 1 7
github.com/celestiaorg/go-header/p2p/session.go:127.6,128.10 1 26
github.com/celestiaorg/go-header/p2p/session.go:129.21,130.10 1 0
github.com/celestiaorg/go-header/p2p/session.go:131.23,132.10 1 6
github.com/celestiaorg/go-header/p2p/session.go:133.25,136.26 2 20
github.com/celestiaorg/go-header/p2p/session.go:139.4,139.43 1 19
github.com/celestiaorg/go-header/p2p/session.go:136.26,138.5 1 1
github.com/celestiaorg/go-header/p2p/session.go:151.3,156.16 4 19
github.com/celestiaorg/go-header/p2p/session.go:162.2,163.16 2 19
github.com/celestiaorg/go-header/p2p/session.go:190.2,201.29 4 15
github.com/celestiaorg/go-header/p2p/session.go:217.2,218.20 2 15
github.com/celestiaorg/go-header/p2p/session.go:156.16,160.3 1 1
github.com/celestiaorg/go-header/p2p/session.go:163.16,166.14 2 4
github.com/celestiaorg/go-header/p2p/session.go:176.3,176.10 1 4
github.com/celestiaorg/go-header/p2p/session.go:181.3,187.9 2 4
github.com/celestiaorg/go-header/p2p/session.go:167.27,169.15 2 2
github.com/celestiaorg/go-header/p2p/session.go:170.25,171.24 1 3
github.com/celestiaorg/go-header/p2p/session.go:172.11,173.45 1 1
github.com/celestiaorg/go-header/p2p/session.go:177.23,178.10 1 0
github.com/celestiaorg/go-header/p2p/session.go:179.23,179.23 0 4
github.com/celestiaorg/go-header/p2p/session.go:201.29,205.10 3 2
github.com/celestiaorg/go-header/p2p/session.go:206.23,207.10 1 0
github.com/celestiaorg/go-header/p2p/session.go:210.66,211.69 1 2
github.com/celestiaorg/go-header/p2p/session.go:222.87,223.25 1 19
github.com/celestiaorg/go-header/p2p/session.go:227.2,228.33 2 18
github.com/celestiaorg/go-header/p2p/session.go:243.2,243.23 1 16
github.com/celestiaorg/go-header/p2p/session.go:247.2,248.21 2 16
github.com/celestiaorg/go-header/p2p/session.go:223.25,225.3 1 1
github.com/celestiaorg/go-header/p2p/session.go:228.33,230.17 2 539
github.com/celestiaorg/go-header/p2p/session.go:234.3,237.17 4 537
github.com/celestiaorg/go-header/p2p/session.go:240.3,240.40 1 537
github.com/celestiaorg/go-header/p2p/session.go:230.17,232.4 1 2
github.com/celestiaorg/go-header/p2p/session.go:237.17,239.4 1 0
github.com/celestiaorg/go-header/p2p/session.go:243.23,245.3 1 0
github.com/celestiaorg/go-header/p2p/session.go:253.50,255.21 1 18
github.com/celestiaorg/go-header/p2p/session.go:259.2,261.36 2 4
github.com/celestiaorg/go-header/p2p/session.go:281.2,281.12 1 2
github.com/celestiaorg/go-header/p2p/session.go:255.21,257.3 1 14
github.com/celestiaorg/go-header/p2p/session.go:261.36,263.17 2 13
github.com/celestiaorg/go-header/p2p/session.go:269.3,269.42 1 12
github.com/celestiaorg/go-header/p2p/session.go:279.3,279.22 1 11
github.com/celestiaorg/go-header/p2p/session.go:263.17,265.4 1 1
github.com/celestiaorg/go-header/p2p/session.go:269.42,270.48 1 8
github.com/celestiaorg/go-header/p2p/session.go:270.48,276.5 1 1
github.com/celestiaorg/go-header/p2p/session.go:285.83,287.25 2 10
github.com/celestiaorg/go-header/p2p/session.go:305.2,305.17 1 10
github.com/celestiaorg/go-header/p2p/session.go:287.25,293.30 3 18
github.com/celestiaorg/go-header/p2p/session.go:302.3,303.39 2 18
github.com/celestiaorg/go-header/p2p/session.go:293.30,296.4 2 8
github.com/celestiaorg/go-header/p2p/session.go:296.9,300.4 3 10
github.com/celestiaorg/go-header/store/heightsub.go:25.52,29.2 1 1
github.com/celestiaorg/go-header/store/heightsub.go:32.41,34.2 1 2
github.com/celestiaorg/go-header/store/heightsub.go:37.50,39.2 1 0
github.com/celestiaorg/go-header/store/heightsub.go:44.76,46.27 2 0
github.com/celestiaorg/go-header/store/heightsub.go:50.2,51.27 2 0
github.com/celestiaorg/go-header/store/heightsub.go:58.2,62.9 4 0
github.com/celestiaorg/go-header/store/heightsub.go:46.27,48.3 1 0
github.com/celestiaorg/go-header/store/heightsub.go:51.27,57.3 2 0
github.com/celestiaorg/go-header/store/heightsub.go:63.22,64.19 1 0
github.com/celestiaorg/go-header/store/heightsub.go:65.20,70.25 4 0
github.com/celestiaorg/go-header/store/heightsub.go:78.43,80.13 2 0
github.com/celestiaorg/go-header/store/heightsub.go:84.2,86.22 3 0
github.com/celestiaorg/go-header/store/heightsub.go:90.2,98.13 4 0
github.com/celestiaorg/go-header/store/heightsub.go:111.2,111.42 1 0
github.com/celestiaorg/go-header/store/heightsub.go:80.13,82.3 1 0
github.com/celestiaorg/go-header/store/heightsub.go:86.22,89.3 2 0
github.com/celestiaorg/go-header/store/heightsub.go:98.13,100.9 2 0
github.com/celestiaorg/go-header/store/heightsub.go:106.3,106.9 1 0
github.com/celestiaorg/go-header/store/heightsub.go:100.9,101.29 1 0
github.com/celestiaorg/go-header/store/heightsub.go:104.4,104.31 1 0
github.com/celestiaorg/go-header/store/heightsub.go:101.29,103.5 1 0
github.com/celestiaorg/go-header/store/heightsub.go:111.42,113.37 1 0
github.com/celestiaorg/go-header/store/heightsub.go:113.37,116.29 2 0
github.com/celestiaorg/go-header/store/heightsub.go:119.4,119.33 1 0
github.com/celestiaorg/go-header/store/heightsub.go:116.29,118.5 1 0
github.com/celestiaorg/go-header/store/keys.go:16.40,18.2 1 0
github.com/celestiaorg/go-header/store/keys.go:20.47,22.2 1 0
github.com/celestiaorg/go-header/store/store.go:58.90,60.2 1 1
github.com/celestiaorg/go-header/store/store.go:68.22,70.16 2 0
github.com/celestiaorg/go-header/store/store.go:74.2,74.37 1 0
github.com/celestiaorg/go-header/store/store.go:70.16,72.3 1 0
github.com/celestiaorg/go-header/store/store.go:77.90,79.27 2 1
github.com/celestiaorg/go-header/store/store.go:83.2,83.42 1 1
github.com/celestiaorg/go-header/store/store.go:87.2,88.16 2 1
github.com/celestiaorg/go-header/store/store.go:92.2,94.16 3 1
github.com/celestiaorg/go-header/store/store.go:98.2,107.8 1 1
github.com/celestiaorg/go-header/store/store.go:79.27,81.3 1 0
github.com/celestiaorg/go-header/store/store.go:83.42,85.3 1 0
github.com/celestiaorg/go-header/store/store.go:88.16,90.3 1 0
github.com/celestiaorg/go-header/store/store.go:94.16,96.3 1 0
github.com/celestiaorg/go-header/store/store.go:110.63,111.31 1 0
github.com/celestiaorg/go-header/store/store.go:115.2,116.16 2 0
github.com/celestiaorg/go-header/store/store.go:120.2,122.12 3 0
github.com/celestiaorg/go-header/store/store.go:111.31,113.3 1 0
github.com/celestiaorg/go-header/store/store.go:116.16,118.3 1 0
github.com/celestiaorg/go-header/store/store.go:125.49,128.2 2 0
github.com/celestiaorg/go-header/store/store.go:130.52,131.9 1 0
github.com/celestiaorg/go-header/store/store.go:137.2,138.9 2 0
github.com/celestiaorg/go-header/store/store.go:145.2,147.12 3 0
github.com/celestiaorg/go-header/store/store.go:132.20,133.25 1 0
github.com/celestiaorg/go-header/store/store.go:134.10,134.10 0 0
github.com/celestiaorg/go-header/store/store.go:139.20,139.20 0 0
github.com/celestiaorg/go-header/store/store.go:140.20,141.19 1 0
github.com/celestiaorg/go-header/store/store.go:150.36,152.2 1 1
github.com/celestiaorg/go-header/store/store.go:154.57,156.16 2 1
github.com/celestiaorg/go-header/store/store.go:160.2,162.13 3 1
github.com/celestiaorg/go-header/store/store.go:156.16,158.3 1 0
github.com/celestiaorg/go-header/store/store.go:163.10,164.19 1 0
github.com/celestiaorg/go-header/store/store.go:165.49,166.32 1 1
github.com/celestiaorg/go-header/store/store.go:167.11,170.19 3 0
github.com/celestiaorg/go-header/store/store.go:174.74,176.45 2 0
github.com/celestiaorg/go-header/store/store.go:180.2,180.43 1 0
github.com/celestiaorg/go-header/store/store.go:184.2,185.16 2 0
github.com/celestiaorg/go-header/store/store.go:193.2,196.16 4 0
github.com/celestiaorg/go-header/store/store.go:200.2,201.19 2 0
github.com/celestiaorg/go-header/store/store.go:176.45,178.3 1 0
github.com/celestiaorg/go-header/store/store.go:180.43,182.3 1 0
github.com/celestiaorg/go-header/store/store.go:185.16,186.35 1 0
github.com/celestiaorg/go-header/store/store.go:190.3,190.19 1 0
github.com/celestiaorg/go-header/store/store.go:186.35,188.4 1 0
github.com/celestiaorg/go-header/store/store.go:196.16,198.3 1 0
github.com/celestiaorg/go-header/store/store.go:204.79,206.17 2 1
github.com/celestiaorg/go-header/store/store.go:211.2,212.29 2 0
github.com/celestiaorg/go-header/store/store.go:219.2,219.53 1 0
github.com/celestiaorg/go-header/store/store.go:223.2,224.16 2 0
github.com/celestiaorg/go-header/store/store.go:232.2,232.25 1 0
github.com/celestiaorg/go-header/store/store.go:206.17,208.3 1 1
github.com/celestiaorg/go-header/store/store.go:212.29,214.3 1 0
github.com/celestiaorg/go-header/store/store.go:219.53,221.3 1 0
github.com/celestiaorg/go-header/store/store.go:224.16,225.35 1 0
github.com/celestiaorg/go-header/store/store.go:229.3,229.19 1 0
github.com/celestiaorg/go-header/store/store.go:225.35,227.4 1 0
github.com/celestiaorg/go-header/store/store.go:235.88,237.16 2 0
github.com/celestiaorg/go-header/store/store.go:241.2,243.30 3 0
github.com/celestiaorg/go-header/store/store.go:250.2,252.21 2 0
github.com/celestiaorg/go-header/store/store.go:237.16,239.3 1 0
github.com/celestiaorg/go-header/store/store.go:243.30,246.17 3 0
github.com/celestiaorg/go-header/store/store.go:246.17,248.4 1 0
github.com/celestiaorg/go-header/store/store.go:259.16,260.33 1 0
github.com/celestiaorg/go-header/store/store.go:263.2,264.16 2 0
github.com/celestiaorg/go-header/store/store.go:268.2,268.28 1 0
github.com/celestiaorg/go-header/store/store.go:275.2,275.21 1 0
github.com/celestiaorg/go-header/store/store.go:260.33,262.3 1 0
github.com/celestiaorg/go-header/store/store.go:264.16,266.3 1 0
github.com/celestiaorg/go-header/store/store.go:268.28,270.17 2 0
github.com/celestiaorg/go-header/store/store.go:273.3,273.11 1 0
github.com/celestiaorg/go-header/store/store.go:270.17,272.4 1 0
github.com/celestiaorg/go-header/store/store.go:278.77,279.47 1 0
github.com/celestiaorg/go-header/store/store.go:283.2,283.35 1 0
github.com/celestiaorg/go-header/store/store.go:287.2,287.55 1 0
github.com/celestiaorg/go-header/store/store.go:279.47,281.3 1 0
github.com/celestiaorg/go-header/store/store.go:283.35,285.3 1 0
github.com/celestiaorg/go-header/store/store.go:290.65,292.2 1 1
github.com/celestiaorg/go-header/store/store.go:294.68,296.13 2 0
github.com/celestiaorg/go-header/store/store.go:300.2,304.20 4 0
github.com/celestiaorg/go-header/store/store.go:314.2,315.28 2 0
github.com/celestiaorg/go-header/store/store.go:348.2,348.9 1 0
github.com/celestiaorg/go-header/store/store.go:296.13,298.3 1 0
github.com/celestiaorg/go-header/store/store.go:304.20,306.17 2 0
github.com/celestiaorg/go-header/store/store.go:306.17,308.4 1 0
github.com/celestiaorg/go-header/store/store.go:309.8,311.3 1 0
github.com/celestiaorg/go-header/store/store.go:315.28,318.36 1 0
github.com/celestiaorg/go-header/store/store.go:325.3,326.17 2 0
github.com/celestiaorg/go-header/store/store.go:344.3,344.42 1 0
github.com/celestiaorg/go-header/store/store.go:318.36,323.4 1 0
github.com/celestiaorg/go-header/store/store.go:326.17,328.31 2 0
github.com/celestiaorg/go-header/store/store.go:337.4,337.14 1 0
github.com/celestiaorg/go-header/store/store.go:342.4,342.9 1 0
github.com/celestiaorg/go-header/store/store.go:328.31,335.5 1 0
github.com/celestiaorg/go-header/store/store.go:337.14,340.5 1 0
github.com/celestiaorg/go-header/store/store.go:349.28,356.13 5 0
github.com/celestiaorg/go-header/store/store.go:357.20,358.25 1 0
github.com/celestiaorg/go-header/store/store.go:359.20,360.19 1 0
github.com/celestiaorg/go-header/store/store.go:368.32,371.32 3 0
github.com/celestiaorg/go-header/store/store.go:371.32,380.66 3 0
github.com/celestiaorg/go-header/store/store.go:384.3,385.17 2 0
github.com/celestiaorg/go-header/store/store.go:392.3,394.21 2 0
github.com/celestiaorg/go-header/store/store.go:380.66,381.12 1 0
github.com/celestiaorg/go-header/store/store.go:385.17,389.12 3 0
github.com/celestiaorg/go-header/store/store.go:394.21,397.4 1 0
github.com/celestiaorg/go-header/store/store.go:402.67,404.13 2 0
github.com/celestiaorg/go-header/store/store.go:408.2,409.16 2 0
github.com/celestiaorg/go-header/store/store.go:414.2,414.28 1 0
github.com/celestiaorg/go-header/store/store.go:427.2,428.16 2 0
github.com/celestiaorg/go-header/store/store.go:432.2,433.16 2 0
github.com/celestiaorg/go-header/store/store.go:438.2,439.16 2 0
github.com/celestiaorg/go-header/store/store.go:444.2,444.26 1 0
github.com/celestiaorg/go-header/store/store.go:404.13,406.3 1 0
github.com/celestiaorg/go-header/store/store.go:409.16,411.3 1 0
github.com/celestiaorg/go-header/store/store.go:414.28,416.17 2 0
github.com/celestiaorg/go-header/store/store.go:420.3,421.17 2 0
github.com/celestiaorg/go-header/store/store.go:416.17,418.4 1 0
github.com/celestiaorg/go-header/store/store.go:421.17,423.4 1 0
github.com/celestiaorg/go-header/store/store.go:428.16,430.3 1 0
github.com/celestiaorg/go-header/store/store.go:433.16,435.3 1 0
github.com/celestiaorg/go-header/store/store.go:439.16,441.3 1 0
github.com/celestiaorg/go-header/store/store.go:448.61,451.16 3 1
github.com/celestiaorg/go-header/store/store.go:455.2,457.16 3 0
github.com/celestiaorg/go-header/store/store.go:461.2,461.25 1 0
github.com/celestiaorg/go-header/store/store.go:451.16,453.3 1 1
github.com/celestiaorg/go-header/store/store.go:457.16,459.3 1 0
github.com/celestiaorg/go-header/p2p/subscription.go:21.86,23.16 2 2
github.com/celestiaorg/go-header/p2p/subscription.go:27.2,30.8 1 2
github.com/celestiaorg/go-header/p2p/subscription.go:23.16,25.3 1 0
github.com/celestiaorg/go-header/p2p/subscription.go:34.70,36.16 2 1
github.com/celestiaorg/go-header/p2p/subscription.go:40.2,43.9 3 1
github.com/celestiaorg/go-header/p2p/subscription.go:47.2,48.20 2 1
github.com/celestiaorg/go-header/p2p/subscription.go:36.16,39.3 2 0
github.com/celestiaorg/go-header/p2p/subscription.go:43.9,44.84 1 0
github.com/celestiaorg/go-header/p2p/subscription.go:52.36,54.2 1 0
github.com/celestiaorg/go-header/hash.go:13.31,15.2 1 35
github.com/celestiaorg/go-header/hash.go:18.45,25.2 6 0
github.com/celestiaorg/go-header/hash.go:28.49,29.65 1 0
github.com/celestiaorg/go-header/hash.go:32.2,33.16 2 0
github.com/celestiaorg/go-header/hash.go:36.2,37.12 2 0
github.com/celestiaorg/go-header/hash.go:29.65,31.3 1 0
github.com/celestiaorg/go-header/hash.go:33.16,35.3 1 0
github.com/celestiaorg/go-header/mocks/store.go:19.99,25.34 2 16
github.com/celestiaorg/go-header/mocks/store.go:33.2,33.14 1 16
github.com/celestiaorg/go-header/mocks/store.go:25.34,29.41 3 597
github.com/celestiaorg/go-header/mocks/store.go:29.41,31.4 1 597
github.com/celestiaorg/go-header/mocks/store.go:36.55,36.69 1 0
github.com/celestiaorg/go-header/mocks/store.go:37.55,37.69 1 0
github.com/celestiaorg/go-header/mocks/store.go:38.55,38.69 1 0
github.com/celestiaorg/go-header/mocks/store.go:40.40,42.2 1 19
github.com/celestiaorg/go-header/mocks/store.go:44.57,46.2 1 6
github.com/celestiaorg/go-header/mocks/store.go:48.78,49.35 1 3
github.com/celestiaorg/go-header/mocks/store.go:54.2,55.33 2 1
github.com/celestiaorg/go-header/mocks/store.go:49.35,50.39 1 9
github.com/celestiaorg/go-header/mocks/store.go:50.39,52.4 1 2
github.com/celestiaorg/go-header/mocks/store.go:58.83,60.2 1 1
github.com/celestiaorg/go-header/mocks/store.go:62.92,67.23 2 19
github.com/celestiaorg/go-header/mocks/store.go:70.2,70.25 1 18
github.com/celestiaorg/go-header/mocks/store.go:74.2,74.21 1 18
github.com/celestiaorg/go-header/mocks/store.go:67.23,69.3 1 1
github.com/celestiaorg/go-header/mocks/store.go:70.25,73.3 2 539
github.com/celestiaorg/go-header/mocks/store.go:81.16,83.2 1 0
github.com/celestiaorg/go-header/mocks/store.go:85.72,87.2 1 0
github.com/celestiaorg/go-header/mocks/store.go:89.69,91.2 1 20
github.com/celestiaorg/go-header/mocks/store.go:93.72,94.33 1 0
github.com/celestiaorg/go-header/mocks/store.go:101.2,101.12 1 0
github.com/celestiaorg/go-header/mocks/store.go:94.33,97.37 2 0
github.com/celestiaorg/go-header/mocks/store.go:97.37,99.4 1 0
github.com/celestiaorg/go-header/store/init.go:11.119,13.13 2 0
github.com/celestiaorg/go-header/store/init.go:14.10,15.13 1 0
github.com/celestiaorg/go-header/store/init.go:16.24,18.17 2 0
github.com/celestiaorg/go-header/store/init.go:22.3,22.34 1 0
github.com/celestiaorg/go-header/store/init.go:18.17,20.4 1 0
github.com/celestiaorg/go-header/p2p/exchange.go:51.25,53.27 2 11
github.com/celestiaorg/go-header/p2p/exchange.go:57.2,58.16 2 11
github.com/celestiaorg/go-header/p2p/exchange.go:62.2,72.40 2 11
github.com/celestiaorg/go-header/p2p/exchange.go:75.2,75.16 1 11
github.com/celestiaorg/go-header/p2p/exchange.go:53.27,55.3 1 22
github.com/celestiaorg/go-header/p2p/exchange.go:58.16,60.3 1 0
github.com/celestiaorg/go-header/p2p/exchange.go:72.40,74.3 1 15
github.com/celestiaorg/go-header/p2p/exchange.go:78.53,84.33 4 10
github.com/celestiaorg/go-header/p2p/exchange.go:95.2,97.12 3 10
github.com/celestiaorg/go-header/p2p/exchange.go:84.33,88.22 1 10
github.com/celestiaorg/go-header/p2p/exchange.go:88.22,90.100 2 10
github.com/celestiaorg/go-header/p2p/exchange.go:90.100,92.5 1 0
github.com/celestiaorg/go-header/p2p/exchange.go:100.52,106.2 3 10
github.com/celestiaorg/go-header/p2p/exchange.go:113.61,128.36 5 2
github.com/celestiaorg/go-header/p2p/exchange.go:142.2,144.25 2 2
github.com/celestiaorg/go-header/p2p/exchange.go:157.2,157.28 1 2
github.com/celestiaorg/go-header/p2p/exchange.go:128.36,129.25 1 2
github.com/celestiaorg/go-header/p2p/exchange.go:129.25,132.18 2 2
github.com/celestiaorg/go-header/p2p/exchange.go:138.4,138.26 1 1
github.com/celestiaorg/go-header/p2p/exchange.go:132.18,137.5 4 1
github.com/celestiaorg/go-header/p2p/exchange.go:144.25,145.10 1 2
github.com/celestiaorg/go-header/p2p/exchange.go:146.24,147.19 1 2
github.com/celestiaorg/go-header/p2p/exchange.go:150.21,151.14 1 0
github.com/celestiaorg/go-header/p2p/exchange.go:152.24,153.26 1 0
github.com/celestiaorg/go-header/p2p/exchange.go:147.19,149.5 1 1
github.com/celestiaorg/go-header/p2p/exchange.go:163.83,167.17 3 2
github.com/celestiaorg/go-header/p2p/exchange.go:171.2,176.16 3 2
github.com/celestiaorg/go-header/p2p/exchange.go:179.2,179.24 1 1
github.com/celestiaorg/go-header/p2p/exchange.go:167.17,169.3 1 0
github.com/celestiaorg/go-header/p2p/exchange.go:176.16,178.3 1 1
github.com/celestiaorg/go-header/p2p/exchange.go:184.96,185.17 1 6
github.com/celestiaorg/go-header/p2p/exchange.go:188.2,188.41 1 6
github.com/celestiaorg/go-header/p2p/exchange.go:191.2,193.89 3 5
github.com/celestiaorg/go-header/p2p/exchange.go:185.17,187.3 1 0
github.com/celestiaorg/go-header/p2p/exchange.go:188.41,190.3 1 1
github.com/celestiaorg/go-header/p2p/exchange.go:202.16,203.17 1 2
github.com/celestiaorg/go-header/p2p/exchange.go:206.2,211.108 3 2
github.com/celestiaorg/go-header/p2p/exchange.go:203.17,205.3 1 0
github.com/celestiaorg/go-header/p2p/exchange.go:216.78,225.16 5 1
github.com/celestiaorg/go-header/p2p/exchange.go:229.2,229.43 1 0
github.com/celestiaorg/go-header/p2p/exchange.go:232.2,232.24 1 0
github.com/celestiaorg/go-header/p2p/exchange.go:225.16,227.3 1 1
github.com/celestiaorg/go-header/p2p/exchange.go:229.43,231.3 1 0
github.com/celestiaorg/go-header/p2p/exchange.go:238.16,239.21 1 3
github.com/celestiaorg/go-header/p2p/exchange.go:243.2,245.28 2 3
github.com/celestiaorg/go-header/p2p/exchange.go:248.2,250.36 2 3
github.com/celestiaorg/go-header/p2p/exchange.go:264.2,264.20 1 2
github.com/celestiaorg/go-header/p2p/exchange.go:239.21,241.3 1 0
github.com/celestiaorg/go-header/p2p/exchange.go:245.28,247.3 1 0
github.com/celestiaorg/go-header/p2p/exchange.go:250.36,254.14 4 3
github.com/celestiaorg/go-header/p2p/exchange.go:255.11,259.12 3 2
github.com/celestiaorg/go-header/p2p/exchange.go:260.56,261.17 1 1
github.com/celestiaorg/go-header/p2p/exchange.go:272.16,276.16 4 5
github.com/celestiaorg/go-header/p2p/exchange.go:281.2,282.37 2 5
github.com/celestiaorg/go-header/p2p/exchange.go:299.2,299.23 1 2
github.com/celestiaorg/go-header/p2p/exchange.go:302.2,302.21 1 2
github.com/celestiaorg/go-header/p2p/exchange.go:276.16,279.3 2 0
github.com/celestiaorg/go-header/p2p/exchange.go:282.37,283.70 1 5
github.com/celestiaorg/go-header/p2p/exchange.go:286.3,289.17 4 5
github.com/celestiaorg/go-header/p2p/exchange.go:292.3,293.17 2 5
github.com/celestiaorg/go-header/p2p/exchange.go:296.3,296.40 1 2
github.com/celestiaorg/go-header/p2p/exchange.go:283.70,285.4 1 0
github.com/celestiaorg/go-header/p2p/exchange.go:289.17,291.4 1 0
github.com/celestiaorg/go-header/p2p/exchange.go:293.17,295.4 1 3
github.com/celestiaorg/go-header/p2p/exchange.go:299.23,301.3 1 0
github.com/celestiaorg/go-header/p2p/exchange.go:306.52,312.18 3 15
github.com/celestiaorg/go-header/p2p/exchange.go:314.2,314.15 1 15
github.com/celestiaorg/go-header/p2p/exchange.go:312.18,312.65 1 0
github.com/celestiaorg/go-header/p2p/exchange.go:322.55,323.22 1 5
github.com/celestiaorg/go-header/p2p/exchange.go:327.2,329.29 2 4
github.com/celestiaorg/go-header/p2p/exchange.go:333.2,333.41 1 4
github.com/celestiaorg/go-header/p2p/exchange.go:338.2,338.29 1 4
github.com/celestiaorg/go-header/p2p/exchange.go:343.2,345.23 2 2
github.com/celestiaorg/go-header/p2p/exchange.go:323.22,326.3 2 1
github.com/celestiaorg/go-header/p2p/exchange.go:329.29,331.3 1 14
github.com/celestiaorg/go-header/p2p/exchange.go:333.41,335.3 1 16
github.com/celestiaorg/go-header/p2p/exchange.go:338.29,339.62 1 9
github.com/celestiaorg/go-header/p2p/exchange.go:339.62,341.4 1 2
github.com/celestiaorg/go-header/p2p/options.go:33.49,39.2 1 20
github.com/celestiaorg/go-header/p2p/options.go:41.45,42.26 1 20
github.com/celestiaorg/go-header/p2p/options.go:45.2,45.25 1 20
github.com/celestiaorg/go-header/p2p/options.go:48.2,48.32 1 20
github.com/celestiaorg/go-header/p2p/options.go:52.2,52.12 1 20
github.com/celestiaorg/go-header/p2p/options.go:42.26,44.3 1 0
github.com/celestiaorg/go-header/p2p/options.go:45.25,47.3 1 0
github.com/celestiaorg/go-header/p2p/options.go:48.32,51.3 1 0
github.com/celestiaorg/go-header/p2p/options.go:57.78,58.20 1 0
github.com/celestiaorg/go-header/p2p/options.go:58.20,59.29 1 0
github.com/celestiaorg/go-header/p2p/options.go:60.26,61.30 1 0
github.com/celestiaorg/go-header/p2p/options.go:68.77,69.20 1 0
github.com/celestiaorg/go-header/p2p/options.go:69.20,70.29 1 0
github.com/celestiaorg/go-header/p2p/options.go:71.26,72.29 1 0
github.com/celestiaorg/go-header/p2p/options.go:79.78,80.20 1 0
github.com/celestiaorg/go-header/p2p/options.go:80.20,81.29 1 0
github.com/celestiaorg/go-header/p2p/options.go:82.26,83.36 1 0
github.com/celestiaorg/go-header/p2p/options.go:84.26,85.36 1 0
github.com/celestiaorg/go-header/p2p/options.go:92.62,93.20 1 31
github.com/celestiaorg/go-header/p2p/options.go:93.20,94.29 1 31
github.com/celestiaorg/go-header/p2p/options.go:95.26,96.27 1 11
github.com/celestiaorg/go-header/p2p/options.go:97.26,98.27 1 20
github.com/celestiaorg/go-header/p2p/options.go:119.49,125.2 1 11
github.com/celestiaorg/go-header/p2p/options.go:132.45,133.38 1 11
github.com/celestiaorg/go-header/p2p/options.go:137.2,137.32 1 11
github.com/celestiaorg/go-header/p2p/options.go:141.2,141.39 1 11
github.com/celestiaorg/go-header/p2p/options.go:145.2,145.12 1 11
github.com/celestiaorg/go-header/p2p/options.go:133.38,136.3 1 0
github.com/celestiaorg/go-header/p2p/options.go:137.32,140.3 1 0
github.com/celestiaorg/go-header/p2p/options.go:141.39,144.3 1 0
github.com/celestiaorg/go-header/p2p/options.go:150.81,151.20 1 0
github.com/celestiaorg/go-header/p2p/options.go:151.20,152.29 1 0
github.com/celestiaorg/go-header/p2p/options.go:153.26,154.40 1 0
github.com/celestiaorg/go-header/p2p/options.go:162.64,163.20 1 11
github.com/celestiaorg/go-header/p2p/options.go:163.20,164.29 1 11
github.com/celestiaorg/go-header/p2p/options.go:165.26,166.23 1 11
github.com/celestiaorg/go-header/store/heightsub.go:25.52,29.2 1 8
github.com/celestiaorg/go-header/store/heightsub.go:32.41,34.2 1 42
github.com/celestiaorg/go-header/store/heightsub.go:37.50,39.2 1 15
github.com/celestiaorg/go-header/store/heightsub.go:44.76,46.27 2 13
github.com/celestiaorg/go-header/store/heightsub.go:50.2,51.27 2 4
github.com/celestiaorg/go-header/store/heightsub.go:58.2,62.9 4 4
github.com/celestiaorg/go-header/store/heightsub.go:46.27,48.3 1 9
github.com/celestiaorg/go-header/store/heightsub.go:51.27,57.3 2 0
github.com/celestiaorg/go-header/store/heightsub.go:63.22,64.19 1 4
github.com/celestiaorg/go-header/store/heightsub.go:65.20,70.25 4 0
github.com/celestiaorg/go-header/store/heightsub.go:78.43,80.13 2 17
github.com/celestiaorg/go-header/store/heightsub.go:84.2,86.22 3 12
github.com/celestiaorg/go-header/store/heightsub.go:90.2,98.13 4 12
github.com/celestiaorg/go-header/store/heightsub.go:111.2,111.42 1 5
github.com/celestiaorg/go-header/store/heightsub.go:80.13,82.3 1 5
github.com/celestiaorg/go-header/store/heightsub.go:86.22,89.3 2 0
github.com/celestiaorg/go-header/store/heightsub.go:98.13,100.9 2 7
github.com/celestiaorg/go-header/store/heightsub.go:106.3,106.9 1 7
github.com/celestiaorg/go-header/store/heightsub.go:100.9,101.29 1 2
github.com/celestiaorg/go-header/store/heightsub.go:104.4,104.31 1 2
github.com/celestiaorg/go-header/store/heightsub.go:101.29,103.5 1 2
github.com/celestiaorg/go-header/store/heightsub.go:111.42,113.37 1 2
github.com/celestiaorg/go-header/store/heightsub.go:113.37,116.29 2 2
github.com/celestiaorg/go-header/store/heightsub.go:119.4,119.33 1 2
github.com/celestiaorg/go-header/store/heightsub.go:116.29,118.5 1 2
github.com/celestiaorg/go-header/store/init.go:11.119,13.13 2 1
github.com/celestiaorg/go-header/store/init.go:14.10,15.13 1 0
github.com/celestiaorg/go-header/store/init.go:16.24,18.17 2 1
github.com/celestiaorg/go-header/store/init.go:22.3,22.34 1 1
github.com/celestiaorg/go-header/store/init.go:18.17,20.4 1 0
github.com/celestiaorg/go-header/store/testing.go:16.110,23.19 5 1
github.com/celestiaorg/go-header/store/testing.go:27.2,27.14 1 1
github.com/celestiaorg/go-header/store/testing.go:23.19,26.3 2 1
github.com/celestiaorg/go-header/store/batch.go:23.52,28.2 1 7
github.com/celestiaorg/go-header/store/batch.go:31.30,35.2 3 10
github.com/celestiaorg/go-header/store/batch.go:38.33,42.2 3 6
github.com/celestiaorg/go-header/store/batch.go:45.44,49.9 4 173
github.com/celestiaorg/go-header/store/batch.go:54.2,54.30 1 91
github.com/celestiaorg/go-header/store/batch.go:49.9,52.3 2 82
github.com/celestiaorg/go-header/store/batch.go:58.49,62.2 3 8
github.com/celestiaorg/go-header/store/batch.go:64.49,69.13 2 99
github.com/celestiaorg/go-header/store/batch.go:73.2,75.37 3 94
github.com/celestiaorg/go-header/store/batch.go:79.2,79.33 1 94
github.com/celestiaorg/go-header/store/batch.go:69.13,71.3 1 5
github.com/celestiaorg/go-header/store/batch.go:75.37,77.3 1 0
github.com/celestiaorg/go-header/store/batch.go:83.41,86.28 3 10
github.com/celestiaorg/go-header/store/batch.go:86.28,89.3 2 171
github.com/celestiaorg/go-header/store/batch.go:93.47,98.2 4 2
github.com/celestiaorg/go-header/store/batch.go:101.28,105.27 4 6
github.com/celestiaorg/go-header/store/batch.go:105.27,107.3 1 121
github.com/celestiaorg/go-header/store/keys.go:16.40,18.2 1 130
github.com/celestiaorg/go-header/store/keys.go:20.47,22.2 1 126
github.com/celestiaorg/go-header/store/height_indexer.go:21.110,23.16 2 7
github.com/celestiaorg/go-header/store/height_indexer.go:27.2,30.8 1 7
github.com/celestiaorg/go-header/store/height_indexer.go:23.16,25.3 1 0
github.com/celestiaorg/go-header/store/height_indexer.go:34.94,35.34 1 5
github.com/celestiaorg/go-header/store/height_indexer.go:39.2,40.16 2 4
github.com/celestiaorg/go-header/store/height_indexer.go:44.2,45.17 2 4
github.com/celestiaorg/go-header/store/height_indexer.go:35.34,37.3 1 1
github.com/celestiaorg/go-header/store/height_indexer.go:40.16,42.3 1 0
github.com/celestiaorg/go-header/store/height_indexer.go:49.101,50.28 1 8
github.com/celestiaorg/go-header/store/height_indexer.go:57.2,57.12 1 8
github.com/celestiaorg/go-header/store/height_indexer.go:50.28,52.17 2 126
github.com/celestiaorg/go-header/store/height_indexer.go:52.17,54.4 1 0
github.com/celestiaorg/go-header/test/testing.go:34.43,36.2 1 82
github.com/celestiaorg/go-header/test/testing.go:38.37,40.2 1 181
github.com/celestiaorg/go-header/test/testing.go:42.40,44.2 1 0
github.com/celestiaorg/go-header/test/testing.go:46.42,47.22 1 724
github.com/celestiaorg/go-header/test/testing.go:52.2,52.15 1 724
github.com/celestiaorg/go-header/test/testing.go:47.22,48.36 1 4
github.com/celestiaorg/go-header/test/testing.go:48.36,49.14 1 0
github.com/celestiaorg/go-header/test/testing.go:55.38,57.16 2 431
github.com/celestiaorg/go-header/test/testing.go:60.2,62.12 3 431
github.com/celestiaorg/go-header/test/testing.go:57.16,59.3 1 0
github.com/celestiaorg/go-header/test/testing.go:65.38,67.2 1 1288
github.com/celestiaorg/go-header/test/testing.go:69.48,71.2 1 168
github.com/celestiaorg/go-header/test/testing.go:73.40,75.2 1 513
github.com/celestiaorg/go-header/test/testing.go:77.62,79.2 1 0
github.com/celestiaorg/go-header/test/testing.go:81.60,84.2 2 0
github.com/celestiaorg/go-header/test/testing.go:86.58,88.50 2 171
github.com/celestiaorg/go-header/test/testing.go:92.2,92.35 1 171
github.com/celestiaorg/go-header/test/testing.go:96.2,96.36 1 171
github.com/celestiaorg/go-header/test/testing.go:100.2,100.12 1 171
github.com/celestiaorg/go-header/test/testing.go:88.50,90.3 1 0
github.com/celestiaorg/go-header/test/testing.go:92.35,94.3 1 0
github.com/celestiaorg/go-header/test/testing.go:96.36,98.3 1 0
github.com/celestiaorg/go-header/test/testing.go:103.40,105.2 1 0
github.com/celestiaorg/go-header/test/testing.go:107.55,112.2 4 557
github.com/celestiaorg/go-header/test/testing.go:114.58,117.16 3 82
github.com/celestiaorg/go-header/test/testing.go:120.2,121.16 2 82
github.com/celestiaorg/go-header/test/testing.go:125.2,125.12 1 82
github.com/celestiaorg/go-header/test/testing.go:117.16,119.3 1 0
github.com/celestiaorg/go-header/test/testing.go:121.16,123.3 1 0
github.com/celestiaorg/go-header/test/testing.go:129.30,133.26 3 175
github.com/celestiaorg/go-header/test/testing.go:137.2,137.12 1 175
github.com/celestiaorg/go-header/test/testing.go:133.26,135.3 1 0
github.com/celestiaorg/go-header/test/testing.go:140.24,144.16 3 174
github.com/celestiaorg/go-header/test/testing.go:148.2,148.63 1 174
github.com/celestiaorg/go-header/test/testing.go:144.16,146.3 1 0
github.com/celestiaorg/go-header/test/testing.go:151.49,154.16 3 3
github.com/celestiaorg/go-header/test/testing.go:157.2,157.11 1 3
github.com/celestiaorg/go-header/test/testing.go:154.16,156.3 1 0
github.com/celestiaorg/go-header/test/testing.go:160.46,171.2 3 174
github.com/celestiaorg/go-header/test/testing.go:173.41,175.16 2 171
github.com/celestiaorg/go-header/test/testing.go:178.2,178.11 1 171
github.com/celestiaorg/go-header/test/testing.go:175.16,176.13 1 0
github.com/celestiaorg/go-header/test/testing.go:194.40,198.2 1 4
github.com/celestiaorg/go-header/test/testing.go:200.40,209.2 1 4
github.com/celestiaorg/go-header/test/testing.go:211.37,212.19 1 7
github.com/celestiaorg/go-header/test/testing.go:215.2,215.15 1 7
github.com/celestiaorg/go-header/test/testing.go:212.19,214.3 1 4
github.com/celestiaorg/go-header/test/testing.go:218.57,220.25 2 5
github.com/celestiaorg/go-header/test/testing.go:223.2,223.16 1 5
github.com/celestiaorg/go-header/test/testing.go:220.25,222.3 1 171
github.com/celestiaorg/go-header/test/testing.go:226.48,227.19 1 171
github.com/celestiaorg/go-header/test/testing.go:232.2,237.15 6 171
github.com/celestiaorg/go-header/test/testing.go:227.19,230.3 2 0
github.com/celestiaorg/go-header/test/testing.go:244.109,246.2 1 0
github.com/celestiaorg/go-header/test/testing.go:248.84,250.2 1 0
github.com/celestiaorg/go-header/test/testing.go:252.83,253.15 1 0
github.com/celestiaorg/go-header/test/testing.go:262.2,262.27 1 0
github.com/celestiaorg/go-header/test/testing.go:265.2,265.28 1 0
github.com/celestiaorg/go-header/test/testing.go:253.15,254.27 1 0
github.com/celestiaorg/go-header/test/testing.go:254.27,258.4 2 0
github.com/celestiaorg/go-header/test/testing.go:258.9,260.4 1 0
github.com/celestiaorg/go-header/test/testing.go:262.27,264.3 1 0
github.com/celestiaorg/go-header/test/testing.go:268.57,268.71 1 0
github.com/celestiaorg/go-header/test/testing.go:269.58,269.59 0 0
github.com/celestiaorg/go-header/hash.go:13.31,15.2 1 815
github.com/celestiaorg/go-header/hash.go:18.45,25.2 6 8
github.com/celestiaorg/go-header/hash.go:28.49,29.65 1 2
github.com/celestiaorg/go-header/hash.go:32.2,33.16 2 2
github.com/celestiaorg/go-header/hash.go:36.2,37.12 2 2
github.com/celestiaorg/go-header/hash.go:29.65,31.3 1 0
github.com/celestiaorg/go-header/hash.go:33.16,35.3 1 0
github.com/celestiaorg/go-header/errors.go:10.39,12.2 1 0
github.com/celestiaorg/go-header/interface.go:69.43,71.2 1 0
github.com/celestiaorg/go-header/metrics.go:16.50,27.29 2 0
github.com/celestiaorg/go-header/metrics.go:45.2,45.12 1 0
github.com/celestiaorg/go-header/metrics.go:27.29,34.18 4 0
github.com/celestiaorg/go-header/metrics.go:39.4,42.5 1 0
github.com/celestiaorg/go-header/metrics.go:34.18,37.5 2 0
github.com/celestiaorg/go-header/local/exchange.go:15.77,19.2 1 1
github.com/celestiaorg/go-header/local/exchange.go:21.52,23.2 1 0
github.com/celestiaorg/go-header/local/exchange.go:25.51,27.2 1 0
github.com/celestiaorg/go-header/local/exchange.go:29.60,31.2 1 0
github.com/celestiaorg/go-header/local/exchange.go:33.82,35.2 1 0
github.com/celestiaorg/go-header/local/exchange.go:37.97,38.17 1 0
github.com/celestiaorg/go-header/local/exchange.go:41.2,41.61 1 0
github.com/celestiaorg/go-header/local/exchange.go:38.17,40.3 1 0
github.com/celestiaorg/go-header/local/exchange.go:45.16,47.2 1 0
github.com/celestiaorg/go-header/local/exchange.go:49.77,51.2 1 1
github.com/celestiaorg/go-header/store/options.go:25.37,31.2 1 7
github.com/celestiaorg/go-header/store/options.go:35.39,36.27 1 7
github.com/celestiaorg/go-header/store/options.go:39.2,39.27 1 7
github.com/celestiaorg/go-header/store/options.go:42.2,42.27 1 7
github.com/celestiaorg/go-header/store/options.go:45.2,45.12 1 7
github.com/celestiaorg/go-header/store/options.go:36.27,38.3 1 0
github.com/celestiaorg/go-header/store/options.go:39.27,41.3 1 0
github.com/celestiaorg/go-header/store/options.go:42.27,44.3 1 0
github.com/celestiaorg/go-header/store/options.go:50.42,51.29 1 1
github.com/celestiaorg/go-header/store/options.go:51.29,53.3 1 1
github.com/celestiaorg/go-header/store/options.go:58.42,59.29 1 0
github.com/celestiaorg/go-header/store/options.go:59.29,61.3 1 0
github.com/celestiaorg/go-header/store/options.go:66.42,67.29 1 1
github.com/celestiaorg/go-header/store/options.go:67.29,69.3 1 1
github.com/celestiaorg/go-header/store/store.go:58.90,60.2 1 4
github.com/celestiaorg/go-header/store/store.go:68.22,70.16 2 3
github.com/celestiaorg/go-header/store/store.go:74.2,74.37 1 3
github.com/celestiaorg/go-header/store/store.go:70.16,72.3 1 0
github.com/celestiaorg/go-header/store/store.go:77.90,79.27 2 7
github.com/celestiaorg/go-header/store/store.go:83.2,83.42 1 7
github.com/celestiaorg/go-header/store/store.go:87.2,88.16 2 7
github.com/celestiaorg/go-header/store/store.go:92.2,94.16 3 7
github.com/celestiaorg/go-header/store/store.go:98.2,107.8 1 7
github.com/celestiaorg/go-header/store/store.go:79.27,81.3 1 2
github.com/celestiaorg/go-header/store/store.go:83.42,85.3 1 0
github.com/celestiaorg/go-header/store/store.go:88.16,90.3 1 0
github.com/celestiaorg/go-header/store/store.go:94.16,96.3 1 0
github.com/celestiaorg/go-header/store/store.go:110.63,111.31 1 5
github.com/celestiaorg/go-header/store/store.go:115.2,116.16 2 5
github.com/celestiaorg/go-header/store/store.go:120.2,122.12 3 5
github.com/celestiaorg/go-header/store/store.go:111.31,113.3 1 0
github.com/celestiaorg/go-header/store/store.go:116.16,118.3 1 0
github.com/celestiaorg/go-header/store/store.go:125.49,128.2 2 7
github.com/celestiaorg/go-header/store/store.go:130.52,131.9 1 5
github.com/celestiaorg/go-header/store/store.go:137.2,138.9 2 5
github.com/celestiaorg/go-header/store/store.go:145.2,147.12 3 5
github.com/celestiaorg/go-header/store/store.go:132.20,133.25 1 0
github.com/celestiaorg/go-header/store/store.go:134.10,134.10 0 5
github.com/celestiaorg/go-header/store/store.go:139.20,139.20 0 5
github.com/celestiaorg/go-header/store/store.go:140.20,141.19 1 0
github.com/celestiaorg/go-header/store/store.go:150.36,152.2 1 0
github.com/celestiaorg/go-header/store/store.go:154.57,156.16 2 8
github.com/celestiaorg/go-header/store/store.go:160.2,162.13 3 3
github.com/celestiaorg/go-header/store/store.go:156.16,158.3 1 5
github.com/celestiaorg/go-header/store/store.go:163.10,164.19 1 0
github.com/celestiaorg/go-header/store/store.go:165.49,166.32 1 1
github.com/celestiaorg/go-header/store/store.go:167.11,170.19 3 2
github.com/celestiaorg/go-header/store/store.go:174.74,176.45 2 176
github.com/celestiaorg/go-header/store/store.go:180.2,180.43 1 173
github.com/celestiaorg/go-header/store/store.go:184.2,185.16 2 82
github.com/celestiaorg/go-header/store/store.go:193.2,196.16 4 82
github.com/celestiaorg/go-header/store/store.go:200.2,201.19 2 82
github.com/celestiaorg/go-header/store/store.go:176.45,178.3 1 3
github.com/celestiaorg/go-header/store/store.go:180.43,182.3 1 91
github.com/celestiaorg/go-header/store/store.go:185.16,186.35 1 0
github.com/celestiaorg/go-header/store/store.go:190.3,190.19 1 0
github.com/celestiaorg/go-header/store/store.go:186.35,188.4 1 0
github.com/celestiaorg/go-header/store/store.go:196.16,198.3 1 0
github.com/celestiaorg/go-header/store/store.go:204.79,206.17 2 14
github.com/celestiaorg/go-header/store/store.go:211.2,212.29 2 11
github.com/celestiaorg/go-header/store/store.go:219.2,219.53 1 8
github.com/celestiaorg/go-header/store/store.go:223.2,224.16 2 5
github.com/celestiaorg/go-header/store/store.go:232.2,232.25 1 5
github.com/celestiaorg/go-header/store/store.go:206.17,208.3 1 3
github.com/celestiaorg/go-header/store/store.go:212.29,214.3 1 3
github.com/celestiaorg/go-header/store/store.go:219.53,221.3 1 3
github.com/celestiaorg/go-header/store/store.go:224.16,225.35 1 0
github.com/celestiaorg/go-header/store/store.go:229.3,229.19 1 0
github.com/celestiaorg/go-header/store/store.go:225.35,227.4 1 0
github.com/celestiaorg/go-header/store/store.go:235.88,237.16 2 4
github.com/celestiaorg/go-header/store/store.go:241.2,243.30 3 4
github.com/celestiaorg/go-header/store/store.go:250.2,252.21 2 4
github.com/celestiaorg/go-header/store/store.go:237.16,239.3 1 0
github.com/celestiaorg/go-header/store/store.go:243.30,246.17 3 168
github.com/celestiaorg/go-header/store/store.go:246.17,248.4 1 0
github.com/celestiaorg/go-header/store/store.go:259.16,260.33 1 0
github.com/celestiaorg/go-header/store/store.go:263.2,264.16 2 0
github.com/celestiaorg/go-header/store/store.go:268.2,268.28 1 0
github.com/celestiaorg/go-header/store/store.go:275.2,275.21 1 0
github.com/celestiaorg/go-header/store/store.go:260.33,262.3 1 0
github.com/celestiaorg/go-header/store/store.go:264.16,266.3 1 0
github.com/celestiaorg/go-header/store/store.go:268.28,270.17 2 0
github.com/celestiaorg/go-header/store/store.go:273.3,273.11 1 0
github.com/celestiaorg/go-header/store/store.go:270.17,272.4 1 0
github.com/celestiaorg/go-header/store/store.go:278.77,279.47 1 2
github.com/celestiaorg/go-header/store/store.go:283.2,283.35 1 2
github.com/celestiaorg/go-header/store/store.go:287.2,287.55 1 1
github.com/celestiaorg/go-header/store/store.go:279.47,281.3 1 0
github.com/celestiaorg/go-header/store/store.go:283.35,285.3 1 1
github.com/celestiaorg/go-header/store/store.go:290.65,292.2 1 0
[...]
github.com/celestiaorg/go-header/sync/sync_head.go:57.24,59.3 1 7
github.com/celestiaorg/go-header/sync/sync_head.go:62.16,64.3 1 0
github.com/celestiaorg/go-header/sync/sync_head.go:66.52,68.3 1 16
github.com/celestiaorg/go-header/sync/sync_head.go:72.16,74.3 1 0
github.com/celestiaorg/go-header/sync/sync_head.go:80.10,82.24 2 0
github.com/celestiaorg/go-header/sync/sync_head.go:83.53,84.94 1 1
github.com/celestiaorg/go-header/sync/sync_head.go:85.48,86.90 1 0
github.com/celestiaorg/go-header/sync/sync_head.go:93.71,100.44 3 4
github.com/celestiaorg/go-header/sync/sync_head.go:108.2,109.58 2 4
github.com/celestiaorg/go-header/sync/sync_head.go:114.2,116.83 3 4
github.com/celestiaorg/go-header/sync/sync_head.go:100.44,106.3 1 0
github.com/celestiaorg/go-header/sync/sync_head.go:109.58,112.3 1 0
github.com/celestiaorg/go-header/sync/sync_head.go:121.97,124.36 2 8
github.com/celestiaorg/go-header/sync/sync_head.go:128.2,128.12 1 8
github.com/celestiaorg/go-header/sync/sync_head.go:124.36,127.3 1 3
github.com/celestiaorg/go-header/sync/sync_head.go:132.86,134.16 2 8
github.com/celestiaorg/go-header/sync/sync_head.go:139.2,139.38 1 8
github.com/celestiaorg/go-header/sync/sync_head.go:147.2,149.29 3 3
github.com/celestiaorg/go-header/sync/sync_head.go:159.2,159.32 1 3
github.com/celestiaorg/go-header/sync/sync_head.go:134.16,137.3 2 0
github.com/celestiaorg/go-header/sync/sync_head.go:139.38,145.3 2 5
github.com/celestiaorg/go-header/sync/sync_head.go:149.29,157.3 2 0
github.com/celestiaorg/go-header/sync/sync_head.go:166.65,169.2 2 18
github.com/celestiaorg/go-header/sync/sync_head.go:172.67,174.2 1 6
github.com/celestiaorg/go-header/sync/sync_store.go:19.61,20.46 1 35
github.com/celestiaorg/go-header/sync/sync_store.go:24.2,25.16 2 6
github.com/celestiaorg/go-header/sync/sync_store.go:29.2,30.23 2 6
github.com/celestiaorg/go-header/sync/sync_store.go:20.46,22.3 1 29
github.com/celestiaorg/go-header/sync/sync_store.go:25.16,27.3 1 0
github.com/celestiaorg/go-header/sync/sync_store.go:33.72,34.56 1 20
github.com/celestiaorg/go-header/sync/sync_store.go:38.2,39.12 2 16
github.com/celestiaorg/go-header/sync/sync_store.go:34.56,36.3 1 4
github.com/celestiaorg/go-header/errors.go:10.39,12.2 1 0
github.com/celestiaorg/go-header/metrics.go:16.50,27.29 2 0
github.com/celestiaorg/go-header/metrics.go:45.2,45.12 1 0
github.com/celestiaorg/go-header/metrics.go:27.29,34.18 4 0
github.com/celestiaorg/go-header/metrics.go:39.4,42.5 1 0
github.com/celestiaorg/go-header/metrics.go:34.18,37.5 2 0
github.com/celestiaorg/go-header/store/batch.go:23.52,28.2 1 12
github.com/celestiaorg/go-header/store/batch.go:31.30,35.2 3 37
github.com/celestiaorg/go-header/store/batch.go:38.33,42.2 3 12
github.com/celestiaorg/go-header/store/batch.go:45.44,49.9 4 737
github.com/celestiaorg/go-header/store/batch.go:54.2,54.30 1 725
github.com/celestiaorg/go-header/store/batch.go:49.9,52.3 2 12
github.com/celestiaorg/go-header/store/batch.go:58.49,62.2 3 42
github.com/celestiaorg/go-header/store/batch.go:64.49,69.13 2 767
github.com/celestiaorg/go-header/store/batch.go:73.2,75.37 3 742
github.com/celestiaorg/go-header/store/batch.go:79.2,79.33 1 742
github.com/celestiaorg/go-header/store/batch.go:69.13,71.3 1 25
github.com/celestiaorg/go-header/store/batch.go:75.37,77.3 1 0
github.com/celestiaorg/go-header/store/batch.go:83.41,86.28 3 37
github.com/celestiaorg/go-header/store/batch.go:86.28,89.3 2 1568
github.com/celestiaorg/go-header/store/batch.go:93.47,98.2 4 0
github.com/celestiaorg/go-header/store/batch.go:101.28,105.27 4 12
github.com/celestiaorg/go-header/store/batch.go:105.27,107.3 1 1568
github.com/celestiaorg/go-header/store/heightsub.go:25.52,29.2 1 12
github.com/celestiaorg/go-header/store/heightsub.go:32.41,34.2 1 134
github.com/celestiaorg/go-header/store/heightsub.go:37.50,39.2 1 37
github.com/celestiaorg/go-header/store/heightsub.go:44.76,46.27 2 46
github.com/celestiaorg/go-header/store/heightsub.go:50.2,51.27 2 4
github.com/celestiaorg/go-header/store/heightsub.go:58.2,62.9 4 4
github.com/celestiaorg/go-header/store/heightsub.go:46.27,48.3 1 42
github.com/celestiaorg/go-header/store/heightsub.go:51.27,57.3 2 0
github.com/celestiaorg/go-header/store/heightsub.go:63.22,64.19 1 4
github.com/celestiaorg/go-header/store/heightsub.go:65.20,70.25 4 0
github.com/celestiaorg/go-header/store/heightsub.go:78.43,80.13 2 49
github.com/celestiaorg/go-header/store/heightsub.go:84.2,86.22 3 37
github.com/celestiaorg/go-header/store/heightsub.go:90.2,98.13 4 37
github.com/celestiaorg/go-header/store/heightsub.go:111.2,111.42 1 18
github.com/celestiaorg/go-header/store/heightsub.go:80.13,82.3 1 12
github.com/celestiaorg/go-header/store/heightsub.go:86.22,89.3 2 0
github.com/celestiaorg/go-header/store/heightsub.go:98.13,100.9 2 19
github.com/celestiaorg/go-header/store/heightsub.go:106.3,106.9 1 19
github.com/celestiaorg/go-header/store/heightsub.go:100.9,101.29 1 1
github.com/celestiaorg/go-header/store/heightsub.go:104.4,104.31 1 1
github.com/celestiaorg/go-header/store/heightsub.go:101.29,103.5 1 1
github.com/celestiaorg/go-header/store/heightsub.go:111.42,113.37 1 4
github.com/celestiaorg/go-header/store/heightsub.go:113.37,116.29 2 3
github.com/celestiaorg/go-header/store/heightsub.go:119.4,119.33 1 3
github.com/celestiaorg/go-header/store/heightsub.go:116.29,118.5 1 3
github.com/celestiaorg/go-header/store/store.go:58.90,60.2 1 0
github.com/celestiaorg/go-header/store/store.go:68.22,70.16 2 12
github.com/celestiaorg/go-header/store/store.go:74.2,74.37 1 12
github.com/celestiaorg/go-header/store/store.go:70.16,72.3 1 0
github.com/celestiaorg/go-header/store/store.go:77.90,79.27 2 12
github.com/celestiaorg/go-header/store/store.go:83.2,83.42 1 12
github.com/celestiaorg/go-header/store/store.go:87.2,88.16 2 12
github.com/celestiaorg/go-header/store/store.go:92.2,94.16 3 12
github.com/celestiaorg/go-header/store/store.go:98.2,107.8 1 12
github.com/celestiaorg/go-header/store/store.go:79.27,81.3 1 0
github.com/celestiaorg/go-header/store/store.go:83.42,85.3 1 0
github.com/celestiaorg/go-header/store/store.go:88.16,90.3 1 0
github.com/celestiaorg/go-header/store/store.go:94.16,96.3 1 0
github.com/celestiaorg/go-header/store/store.go:110.63,111.31 1 12
github.com/celestiaorg/go-header/store/store.go:115.2,116.16 2 12
github.com/celestiaorg/go-header/store/store.go:120.2,122.12 3 12
github.com/celestiaorg/go-header/store/store.go:111.31,113.3 1 0
github.com/celestiaorg/go-header/store/store.go:116.16,118.3 1 0
github.com/celestiaorg/go-header/store/store.go:125.49,128.2 2 12
github.com/celestiaorg/go-header/store/store.go:130.52,131.9 1 12
github.com/celestiaorg/go-header/store/store.go:137.2,138.9 2 12
github.com/celestiaorg/go-header/store/store.go:145.2,147.12 3 12
github.com/celestiaorg/go-header/store/store.go:132.20,133.25 1 0
github.com/celestiaorg/go-header/store/store.go:134.10,134.10 0 12
github.com/celestiaorg/go-header/store/store.go:139.20,139.20 0 12
github.com/celestiaorg/go-header/store/store.go:140.20,141.19 1 0
github.com/celestiaorg/go-header/store/store.go:150.36,152.2 1 0
github.com/celestiaorg/go-header/store/store.go:154.57,156.16 2 35
github.com/celestiaorg/go-header/store/store.go:160.2,162.13 3 0
github.com/celestiaorg/go-header/store/store.go:156.16,158.3 1 35
github.com/celestiaorg/go-header/store/store.go:163.10,164.19 1 0
github.com/celestiaorg/go-header/store/store.go:165.49,166.32 1 0
github.com/celestiaorg/go-header/store/store.go:167.11,170.19 3 0
github.com/celestiaorg/go-header/store/store.go:174.74,176.45 2 750
github.com/celestiaorg/go-header/store/store.go:180.2,180.43 1 737
github.com/celestiaorg/go-header/store/store.go:184.2,185.16 2 12
github.com/celestiaorg/go-header/store/store.go:193.2,196.16 4 12
github.com/celestiaorg/go-header/store/store.go:200.2,201.19 2 12
github.com/celestiaorg/go-header/store/store.go:176.45,178.3 1 13
github.com/celestiaorg/go-header/store/store.go:180.43,182.3 1 725
github.com/celestiaorg/go-header/store/store.go:185.16,186.35 1 0
github.com/celestiaorg/go-header/store/store.go:190.3,190.19 1 0
github.com/celestiaorg/go-header/store/store.go:186.35,188.4 1 0
github.com/celestiaorg/go-header/store/store.go:196.16,198.3 1 0
github.com/celestiaorg/go-header/store/store.go:204.79,206.17 2 46
github.com/celestiaorg/go-header/store/store.go:211.2,212.29 2 46
github.com/celestiaorg/go-header/store/store.go:219.2,219.53 1 42
github.com/celestiaorg/go-header/store/store.go:223.2,224.16 2 25
github.com/celestiaorg/go-header/store/store.go:232.2,232.25 1 25
github.com/celestiaorg/go-header/store/store.go:206.17,208.3 1 0
github.com/celestiaorg/go-header/store/store.go:212.29,214.3 1 4
github.com/celestiaorg/go-header/store/store.go:219.53,221.3 1 17
github.com/celestiaorg/go-header/store/store.go:224.16,225.35 1 0
github.com/celestiaorg/go-header/store/store.go:229.3,229.19 1 0
github.com/celestiaorg/go-header/store/store.go:225.35,227.4 1 0
github.com/celestiaorg/go-header/store/store.go:235.88,237.16 2 7
github.com/celestiaorg/go-header/store/store.go:241.2,243.30 3 7
github.com/celestiaorg/go-header/store/store.go:250.2,252.21 2 7
github.com/celestiaorg/go-header/store/store.go:237.16,239.3 1 0
github.com/celestiaorg/go-header/store/store.go:243.30,246.17 3 725
github.com/celestiaorg/go-header/store/store.go:246.17,248.4 1 0
github.com/celestiaorg/go-header/store/store.go:259.16,260.33 1 7
github.com/celestiaorg/go-header/store/store.go:263.2,264.16 2 7
github.com/celestiaorg/go-header/store/store.go:268.2,268.28 1 7
github.com/celestiaorg/go-header/store/store.go:275.2,275.21 1 7
github.com/celestiaorg/go-header/store/store.go:260.33,262.3 1 0
github.com/celestiaorg/go-header/store/store.go:264.16,266.3 1 0
github.com/celestiaorg/go-header/store/store.go:268.28,270.17 2 732
github.com/celestiaorg/go-header/store/store.go:273.3,273.11 1 732
github.com/celestiaorg/go-header/store/store.go:270.17,272.4 1 0
github.com/celestiaorg/go-header/store/store.go:278.77,279.47 1 0
github.com/celestiaorg/go-header/store/store.go:283.2,283.35 1 0
github.com/celestiaorg/go-header/store/store.go:287.2,287.55 1 0
github.com/celestiaorg/go-header/store/store.go:279.47,281.3 1 0
github.com/celestiaorg/go-header/store/store.go:283.35,285.3 1 0
github.com/celestiaorg/go-header/store/store.go:290.65,292.2 1 0
github.com/celestiaorg/go-header/store/store.go:294.68,296.13 2 29
github.com/celestiaorg/go-header/store/store.go:300.2,304.20 4 29
github.com/celestiaorg/go-header/store/store.go:314.2,315.28 2 29
github.com/celestiaorg/go-header/store/store.go:348.2,348.9 1 25
github.com/celestiaorg/go-header/store/store.go:296.13,298.3 1 0
github.com/celestiaorg/go-header/store/store.go:304.20,306.17 2 16
github.com/celestiaorg/go-header/store/store.go:306.17,308.4 1 0
github.com/celestiaorg/go-header/store/store.go:309.8,311.3 1 13
github.com/celestiaorg/go-header/store/store.go:315.28,318.36 1 1572
github.com/celestiaorg/go-header/store/store.go:325.3,326.17 2 1568
github.com/celestiaorg/go-header/store/store.go:344.3,344.42 1 1568
github.com/celestiaorg/go-header/store/store.go:318.36,323.4 1 4
github.com/celestiaorg/go-header/store/store.go:326.17,328.31 2 0
github.com/celestiaorg/go-header/store/store.go:337.4,337.14 1 0
github.com/celestiaorg/go-header/store/store.go:342.4,342.9 1 0
github.com/celestiaorg/go-header/store/store.go:328.31,335.5 1 0
github.com/celestiaorg/go-header/store/store.go:337.14,340.5 1 0
github.com/celestiaorg/go-header/store/store.go:349.28,356.13 5 25
github.com/celestiaorg/go-header/store/store.go:357.20,358.25 1 0
github.com/celestiaorg/go-header/store/store.go:359.20,360.19 1 0
github.com/celestiaorg/go-header/store/store.go:368.32,371.32 3 12
github.com/celestiaorg/go-header/store/store.go:371.32,380.66 3 37
github.com/celestiaorg/go-header/store/store.go:384.3,385.17 2 12
github.com/celestiaorg/go-header/store/store.go:392.3,394.21 2 12
github.com/celestiaorg/go-header/store/store.go:380.66,381.12 1 25
github.com/celestiaorg/go-header/store/store.go:385.17,389.12 3 0
github.com/celestiaorg/go-header/store/store.go:394.21,397.4 1 12
github.com/celestiaorg/go-header/store/store.go:402.67,404.13 2 24
github.com/celestiaorg/go-header/store/store.go:408.2,409.16 2 24
github.com/celestiaorg/go-header/store/store.go:414.2,414.28 1 24
github.com/celestiaorg/go-header/store/store.go:427.2,428.16 2 24
github.com/celestiaorg/go-header/store/store.go:432.2,433.16 2 24
github.com/celestiaorg/go-header/store/store.go:438.2,439.16 2 24
github.com/celestiaorg/go-header/store/store.go:444.2,444.26 1 24
github.com/celestiaorg/go-header/store/store.go:404.13,406.3 1 0
github.com/celestiaorg/go-header/store/store.go:409.16,411.3 1 0
github.com/celestiaorg/go-header/store/store.go:414.28,416.17 2 1580
github.com/celestiaorg/go-header/store/store.go:420.3,421.17 2 1580
github.com/celestiaorg/go-header/store/store.go:416.17,418.4 1 0
github.com/celestiaorg/go-header/store/store.go:421.17,423.4 1 0
github.com/celestiaorg/go-header/store/store.go:428.16,430.3 1 0
github.com/celestiaorg/go-header/store/store.go:433.16,435.3 1 0
github.com/celestiaorg/go-header/store/store.go:439.16,441.3 1 0
github.com/celestiaorg/go-header/store/store.go:448.61,451.16 3 0
github.com/celestiaorg/go-header/store/store.go:455.2,457.16 3 0
github.com/celestiaorg/go-header/store/store.go:461.2,461.25 1 0
github.com/celestiaorg/go-header/store/store.go:451.16,453.3 1 0
github.com/celestiaorg/go-header/store/store.go:457.16,459.3 1 0
github.com/celestiaorg/go-header/sync/metrics.go:17.41,26.16 3 0
github.com/celestiaorg/go-header/sync/metrics.go:30.2,34.29 1 0
github.com/celestiaorg/go-header/sync/metrics.go:26.16,28.3 1 0
github.com/celestiaorg/go-header/sync/metrics.go:34.29,36.4 1 0
github.com/celestiaorg/go-header/sync/metrics.go:41.54,42.14 1 15
github.com/celestiaorg/go-header/sync/metrics.go:42.14,44.3 1 0
github.com/celestiaorg/go-header/sync/sync.go:60.23,62.27 2 6
github.com/celestiaorg/go-header/sync/sync.go:65.2,65.42 1 6
github.com/celestiaorg/go-header/sync/sync.go:69.2,75.8 1 6
github.com/celestiaorg/go-header/sync/sync.go:62.27,64.3 1 4
github.com/celestiaorg/go-header/sync/sync.go:65.42,67.3 1 0
github.com/celestiaorg/go-header/sync/sync.go:79.54,84.16 3 5
github.com/celestiaorg/go-header/sync/sync.go:88.2,89.16 2 5
github.com/celestiaorg/go-header/sync/sync.go:93.2,94.12 2 5
github.com/celestiaorg/go-header/sync/sync.go:84.16,86.3 1 0
github.com/celestiaorg/go-header/sync/sync.go:89.16,91.3 1 0
github.com/celestiaorg/go-header/sync/sync.go:98.49,101.2 2 0
github.com/celestiaorg/go-header/sync/sync.go:104.57,106.22 2 3
github.com/celestiaorg/go-header/sync/sync.go:111.2,112.12 2 1
github.com/celestiaorg/go-header/sync/sync.go:106.22,108.3 1 2
github.com/celestiaorg/go-header/sync/sync.go:126.32,128.2 1 5
github.com/celestiaorg/go-header/sync/sync.go:131.41,133.2 1 0
github.com/celestiaorg/go-header/sync/sync.go:139.35,145.16 5 5
github.com/celestiaorg/go-header/sync/sync.go:152.2,152.14 1 5
github.com/celestiaorg/go-header/sync/sync.go:145.16,147.3 1 5
github.com/celestiaorg/go-header/sync/sync.go:147.8,147.31 1 0
github.com/celestiaorg/go-header/sync/sync.go:147.31,150.3 1 0
github.com/celestiaorg/go-header/sync/sync.go:156.32,157.9 1 4
github.com/celestiaorg/go-header/sync/sync.go:158.35,158.35 0 4
github.com/celestiaorg/go-header/sync/sync.go:159.10,159.10 0 0
github.com/celestiaorg/go-header/sync/sync.go:164.32,165.6 1 5
github.com/celestiaorg/go-header/sync/sync.go:165.6,166.10 1 9
github.com/celestiaorg/go-header/sync/sync.go:167.24,168.17 1 4
github.com/celestiaorg/go-header/sync/sync.go:169.23,170.10 1 0
github.com/celestiaorg/go-header/sync/sync.go:176.47,178.16 2 5
github.com/celestiaorg/go-header/sync/sync.go:183.2,184.16 2 5
github.com/celestiaorg/go-header/sync/sync.go:189.2,189.45 1 5
github.com/celestiaorg/go-header/sync/sync.go:198.2,204.16 4 5
github.com/celestiaorg/go-header/sync/sync.go:217.2,220.50 1 5
github.com/celestiaorg/go-header/sync/sync.go:178.16,181.3 2 0
github.com/celestiaorg/go-header/sync/sync.go:184.16,187.3 2 0
github.com/celestiaorg/go-header/sync/sync.go:189.45,196.3 3 0
github.com/celestiaorg/go-header/sync/sync.go:204.16,205.39 1 0
github.com/celestiaorg/go-header/sync/sync.go:210.3,214.9 2 0
github.com/celestiaorg/go-header/sync/sync.go:205.39,208.4 1 0
github.com/celestiaorg/go-header/sync/sync.go:224.81,241.2 14 5
github.com/celestiaorg/go-header/sync/sync.go:250.15,251.6 1 6
github.com/celestiaorg/go-header/sync/sync.go:281.2,281.44 1 6
github.com/celestiaorg/go-header/sync/sync.go:251.6,253.10 2 14
github.com/celestiaorg/go-header/sync/sync.go:257.3,258.24 2 8
github.com/celestiaorg/go-header/sync/sync.go:263.3,263.49 1 8
github.com/celestiaorg/go-header/sync/sync.go:272.3,272.56 1 8
github.com/celestiaorg/go-header/sync/sync.go:277.3,279.37 2 8
github.com/celestiaorg/go-header/sync/sync.go:253.10,254.9 1 6
github.com/celestiaorg/go-header/sync/sync.go:258.24,259.9 1 0
github.com/celestiaorg/go-header/sync/sync.go:263.49,266.61 2 7
github.com/celestiaorg/go-header/sync/sync.go:266.61,268.5 1 0
github.com/celestiaorg/go-header/sync/sync.go:272.56,274.4 1 0
github.com/celestiaorg/go-header/sync/sync.go:289.9,292.17 2 13
github.com/celestiaorg/go-header/sync/sync.go:310.2,310.12 1 13
github.com/celestiaorg/go-header/sync/sync.go:292.17,294.20 2 7
github.com/celestiaorg/go-header/sync/sync.go:298.3,299.17 2 7
github.com/celestiaorg/go-header/sync/sync.go:303.3,303.57 1 7
github.com/celestiaorg/go-header/sync/sync.go:307.3,308.37 2 7
github.com/celestiaorg/go-header/sync/sync.go:294.20,296.4 1 7
github.com/celestiaorg/go-header/sync/sync.go:299.17,301.4 1 0
github.com/celestiaorg/go-header/sync/sync.go:303.57,305.4 1 0
github.com/celestiaorg/go-header/sync/sync.go:314.75,318.16 2 19
github.com/celestiaorg/go-header/sync/sync.go:322.2,323.12 2 15
github.com/celestiaorg/go-header/sync/sync.go:318.16,320.3 1 4
github.com/celestiaorg/go-header/mocks/store.go:19.99,25.34 2 1
github.com/celestiaorg/go-header/mocks/store.go:33.2,33.14 1 1
github.com/celestiaorg/go-header/mocks/store.go:25.34,29.41 3 100
github.com/celestiaorg/go-header/mocks/store.go:29.41,31.4 1 100
github.com/celestiaorg/go-header/mocks/store.go:36.55,36.69 1 0
github.com/celestiaorg/go-header/mocks/store.go:37.55,37.69 1 0
github.com/celestiaorg/go-header/mocks/store.go:38.55,38.69 1 0
github.com/celestiaorg/go-header/mocks/store.go:40.40,42.2 1 0
github.com/celestiaorg/go-header/mocks/store.go:44.57,46.2 1 1
github.com/celestiaorg/go-header/mocks/store.go:48.78,49.35 1 0
github.com/celestiaorg/go-header/mocks/store.go:54.2,55.33 2 0
github.com/celestiaorg/go-header/mocks/store.go:49.35,50.39 1 0
github.com/celestiaorg/go-header/mocks/store.go:50.39,52.4 1 0
github.com/celestiaorg/go-header/mocks/store.go:58.83,60.2 1 0
github.com/celestiaorg/go-header/mocks/store.go:62.92,67.23 2 0
github.com/celestiaorg/go-header/mocks/store.go:70.2,70.25 1 0
github.com/celestiaorg/go-header/mocks/store.go:74.2,74.21 1 0
github.com/celestiaorg/go-header/mocks/store.go:67.23,69.3 1 0
github.com/celestiaorg/go-header/mocks/store.go:70.25,73.3 2 0
github.com/celestiaorg/go-header/mocks/store.go:81.16,83.2 1 0
github.com/celestiaorg/go-header/mocks/store.go:85.72,87.2 1 0
github.com/celestiaorg/go-header/mocks/store.go:89.69,91.2 1 0
github.com/celestiaorg/go-header/mocks/store.go:93.72,94.33 1 1
github.com/celestiaorg/go-header/mocks/store.go:101.2,101.12 1 1
github.com/celestiaorg/go-header/mocks/store.go:94.33,97.37 2 1
github.com/celestiaorg/go-header/mocks/store.go:97.37,99.4 1 1
github.com/celestiaorg/go-header/store/init.go:11.119,13.13 2 0
github.com/celestiaorg/go-header/store/init.go:14.10,15.13 1 0
github.com/celestiaorg/go-header/store/init.go:16.24,18.17 2 0
github.com/celestiaorg/go-header/store/init.go:22.3,22.34 1 0
github.com/celestiaorg/go-header/store/init.go:18.17,20.4 1 0
github.com/celestiaorg/go-header/store/keys.go:16.40,18.2 1 1592
github.com/celestiaorg/go-header/store/keys.go:20.47,22.2 1 1580
